<?xml version="1.0" encoding="UTF-8"?>
<TestRun id="ffee94a3-0107-4cc7-9881-28ebd86df8f6" name="Sample" runUser="RIDOHP\rido" xmlns="http://microsoft.com/schemas/VisualStudio/TeamTest/2010">
  <TestSettings name="LocalRun" id="9af84c66-5973-4f9e-8a9f-04e4893e10c1">
    <Description>SampleSuite to test trx2html</Description>
    <Deployment userDeploymentRoot="D:\code\codeplex\trx2html\TRX2HTML Solution\TestResults" useDefaultDeploymentRoot="false" runDeploymentRoot="Sample">
      <DeploymentItem filename="D:\code\codeplex\trx2html\TRX2HTML Solution\trx2html\bin\Debug\trx2html.exe" />
    </Deployment>
    <NamingScheme baseName="Sample" appendTimeStamp="false" useDefault="false" />
    <Execution>
      <Timeouts testTimeout="300000" />
      <TestTypeSpecific>
        <WebTestRunConfiguration testTypeId="4e7599fa-5ecb-43e9-a887-cd63cf72d207">
          <Browser name="Internet Explorer 6.0">
            <Headers>
              <Header name="User-Agent" value="Mozilla/4.0 (compatible; MSIE 6.0; Windows NT 5.1)" />
              <Header name="Accept" value="*/*" />
              <Header name="Accept-Language" value="{{$IEAcceptLanguage}}" />
              <Header name="Accept-Encoding" value="GZIP" />
            </Headers>
          </Browser>
        </WebTestRunConfiguration>
      </TestTypeSpecific>
      <AgentRule name="Execution Agents">
      </AgentRule>
    </Execution>
  </TestSettings>
  <Times creation="2011-05-17T09:35:42.8549795+02:00" queuing="2011-05-17T09:35:44.4520709+02:00" start="2011-05-17T09:35:44.7120857+02:00" finish="2011-05-17T09:35:49.7633746+02:00" />
  <ResultSummary outcome="Error">
    <Counters total="1" executed="1" error="0" failed="0" timeout="0" aborted="1" inconclusive="0" passedButRunAborted="0" notRunnable="0" notExecuted="0" disconnected="0" warning="0" passed="0" completed="0" inProgress="0" pending="0" />
    <RunInfos>
      <RunInfo computerName="RIDOHP" outcome="Error" timestamp="2011-05-17T09:35:49.7623746+02:00">
        <Text>Test host process exited unexpectedly.</Text>
      </RunInfo>
    </RunInfos>
  </ResultSummary>
  <TestDefinitions>
    <UnitTest name="CreateHtmlFile" storage="d:\code\codeplex\trx2html\trx2html solution\trx2html.test\bin\debug\trx2html.test.dll" id="91a95244-8023-acf5-c17a-717772709309">
      <DeploymentItems>
        <DeploymentItem filename="trx2html.Test\TestFiles\VS2010.trx.xml" />
      </DeploymentItems>
      <Execution id="91ca3a6d-259f-4908-8226-7c1997b4dfa3" />
      <TestMethod codeBase="D:/code/codeplex/trx2html/TRX2HTML Solution/trx2html.Test/bin/Debug/trx2html.Test.DLL" adapterTypeName="Microsoft.VisualStudio.TestTools.TestTypes.Unit.UnitTestAdapter, Microsoft.VisualStudio.QualityTools.Tips.UnitTest.Adapter, Version=10.0.0.0, Culture=neutral, PublicKeyToken=b03f5f7f11d50a3a" className="trx2html.Test.V2.TrxParserTest, trx2html.Test, Version=0.0.7.0, Culture=neutral, PublicKeyToken=null" name="CreateHtmlFile" />
    </UnitTest>
  </TestDefinitions>
  <TestLists>
    <TestList name="Results Not in a List" id="8c84fa94-04c1-424b-9868-57a2d4851a1d" />
    <TestList name="All Loaded Results" id="19431567-8539-422a-85d7-44ee4e166bda" />
  </TestLists>
  <TestEntries>
    <TestEntry testId="91a95244-8023-acf5-c17a-717772709309" executionId="91ca3a6d-259f-4908-8226-7c1997b4dfa3" testListId="8c84fa94-04c1-424b-9868-57a2d4851a1d" />
  </TestEntries>
  <Results>
    <UnitTestResult executionId="91ca3a6d-259f-4908-8226-7c1997b4dfa3" testId="91a95244-8023-acf5-c17a-717772709309" testName="CreateHtmlFile" computerName="RIDOHP" duration="00:00:04.8522775" startTime="2011-05-17T09:35:44.9110971+02:00" endTime="2011-05-17T09:35:49.7633746+02:00" testType="13cdc9d9-ddb5-4fa4-a97d-d965ccfc6d4b" outcome="Aborted" testListId="8c84fa94-04c1-424b-9868-57a2d4851a1d" relativeResultsDirectory="91ca3a6d-259f-4908-8226-7c1997b4dfa3">
    </UnitTestResult>
  </Results>
</TestRun>