<?xml version="1.0" encoding="UTF-8"?>
<TestRun id="9da111ff-f96c-42fd-bca1-e0121bcedb2e" name="Sample" runUser="RIDOHP\rido" xmlns="http://microsoft.com/schemas/VisualStudio/TeamTest/2010">
  <TestSettings name="LocalRun" id="9af84c66-5973-4f9e-8a9f-04e4893e10c1">
    <Description>SampleSuite to test trx2html</Description>
    <Deployment runDeploymentRoot="Sample">
      <DeploymentItem filename="D:\code\codeplex\trx2html\TRX2HTML Solution\trx2html\bin\Debug\trx2html.exe" />
    </Deployment>
    <NamingScheme baseName="Sample" appendTimeStamp="false" useDefault="false" />
    <Execution>
      <Timeouts testTimeout="300000" />
      <TestTypeSpecific>
        <WebTestRunConfiguration testTypeId="4e7599fa-5ecb-43e9-a887-cd63cf72d207">
          <Browser name="Internet Explorer 6.0">
            <Headers>
              <Header name="User-Agent" value="Mozilla/4.0 (compatible; MSIE 6.0; Windows NT 5.1)" />
              <Header name="Accept" value="*/*" />
              <Header name="Accept-Language" value="{{$IEAcceptLanguage}}" />
              <Header name="Accept-Encoding" value="GZIP" />
            </Headers>
          </Browser>
        </WebTestRunConfiguration>
      </TestTypeSpecific>
      <AgentRule name="Execution Agents">
      </AgentRule>
    </Execution>
  </TestSettings>
  <Times creation="2011-05-15T20:38:34.3103470+02:00" queuing="2011-05-15T20:38:34.6903475+02:00" start="2011-05-15T20:38:34.7103476+02:00" finish="2011-05-15T20:38:35.4403486+02:00" />
  <ResultSummary outcome="Failed">
    <Counters total="25" executed="25" passed="13" error="0" failed="8" timeout="0" aborted="0" inconclusive="4" passedButRunAborted="0" notRunnable="0" notExecuted="0" disconnected="0" warning="0" completed="0" inProgress="0" pending="0" />
  </ResultSummary>
  <TestDefinitions>
    <UnitTest name="TestMethodFail" storage="d:\code\codeplex\trx2html\trx2html solution\samplereport\bin\debug\samplereport.dll" id="c485d085-fa86-9de1-fdf2-33492397240a">
      <Description>TestMethodThatFailsDescription</Description>
      <Execution id="e602a00c-3c10-429f-baa6-2f9c48bbb829" />
      <TestMethod codeBase="D:/code/codeplex/trx2html/TRX2HTML Solution/SampleReport/bin/Debug/SampleReport.DLL" adapterTypeName="Microsoft.VisualStudio.TestTools.TestTypes.Unit.UnitTestAdapter, Microsoft.VisualStudio.QualityTools.Tips.UnitTest.Adapter, Version=10.0.0.0, Culture=neutral, PublicKeyToken=b03f5f7f11d50a3a" className="trx2html.Test.SomeFailed, SampleReport, Version=1.0.0.0, Culture=neutral, PublicKeyToken=null" name="TestMethodFail" />
    </UnitTest>
    <UnitTest name="TestMethod4" storage="d:\code\codeplex\trx2html\trx2html solution\samplereport\bin\debug\samplereport.dll" id="b5966869-ab5b-78e3-e77e-3bc6715117dd">
      <Description>TestMethodThatIsIconclusive</Description>
      <Execution id="7b02b92b-61b5-4ad7-9ce1-d2d7a76538e5" />
      <TestMethod codeBase="D:/code/codeplex/trx2html/TRX2HTML Solution/SampleReport/bin/Debug/SampleReport.DLL" adapterTypeName="Microsoft.VisualStudio.TestTools.TestTypes.Unit.UnitTestAdapter, Microsoft.VisualStudio.QualityTools.Tips.UnitTest.Adapter, Version=10.0.0.0, Culture=neutral, PublicKeyToken=b03f5f7f11d50a3a" className="trx2html.Test.FailAndIgnored, SampleReport, Version=1.0.0.0, Culture=neutral, PublicKeyToken=null" name="TestMethod4" />
    </UnitTest>
    <UnitTest name="GroupedByClass" storage="d:\code\codeplex\trx2html\trx2html solution\trx2html.test\bin\debug\trx2html.test.dll" id="2fa09724-736e-1fa7-fd78-a641492fa3c7">
      <DeploymentItems>
        <DeploymentItem filename="trx2html.Test\TestFiles\VS2010.trx.xml" />
      </DeploymentItems>
      <Execution id="de8cf219-837c-47cf-a152-1fcf190bb1a2" />
      <TestMethod codeBase="D:/code/codeplex/trx2html/TRX2HTML Solution/trx2html.Test/bin/Debug/trx2html.Test.DLL" adapterTypeName="Microsoft.VisualStudio.TestTools.TestTypes.Unit.UnitTestAdapter, Microsoft.VisualStudio.QualityTools.Tips.UnitTest.Adapter, Version=10.0.0.0, Culture=neutral, PublicKeyToken=b03f5f7f11d50a3a" className="trx2html.Test.V2.TrxParserTest, trx2html.Test, Version=0.0.4.0, Culture=neutral, PublicKeyToken=null" name="GroupedByClass" />
    </UnitTest>
    <UnitTest name="TestMethod1" storage="d:\code\codeplex\trx2html\trx2html solution\samplereport\bin\debug\samplereport.dll" id="01f9d9e2-e029-eb84-bc8f-dff2e4a10d99">
      <Description>TestMethodThatPassDescription</Description>
      <Execution id="d25e0054-87d5-4b50-8ab9-728a022222c1" />
      <TestMethod codeBase="D:/code/codeplex/trx2html/TRX2HTML Solution/SampleReport/bin/Debug/SampleReport.DLL" adapterTypeName="Microsoft.VisualStudio.TestTools.TestTypes.Unit.UnitTestAdapter, Microsoft.VisualStudio.QualityTools.Tips.UnitTest.Adapter, Version=10.0.0.0, Culture=neutral, PublicKeyToken=b03f5f7f11d50a3a" className="trx2html.Test.SomeIgnored, SampleReport, Version=1.0.0.0, Culture=neutral, PublicKeyToken=null" name="TestMethod1" />
    </UnitTest>
    <UnitTest name="StreamFromResourceTest" storage="d:\code\codeplex\trx2html\trx2html solution\trx2html.test\bin\debug\trx2html.test.dll" id="92f2efb0-47b6-db8d-fb8f-fdb1003e07f5">
      <DeploymentItems>
        <DeploymentItem filename="trx2html.exe" />
      </DeploymentItems>
      <Execution id="48104d78-6b24-4759-8b74-82bf02944cb5" />
      <TestMethod codeBase="D:/code/codeplex/trx2html/TRX2HTML Solution/trx2html.Test/bin/Debug/trx2html.Test.DLL" adapterTypeName="Microsoft.VisualStudio.TestTools.TestTypes.Unit.UnitTestAdapter, Microsoft.VisualStudio.QualityTools.Tips.UnitTest.Adapter, Version=10.0.0.0, Culture=neutral, PublicKeyToken=b03f5f7f11d50a3a" className="trx2html.Test.ResourceReaderTest, trx2html.Test, Version=0.0.4.0, Culture=neutral, PublicKeyToken=null" name="StreamFromResourceTest" />
    </UnitTest>
    <UnitTest name="PlayWithLINQ" storage="d:\code\codeplex\trx2html\trx2html solution\trx2html.test\bin\debug\trx2html.test.dll" id="9f44f878-4639-36af-1698-a05c27d3b2d8">
      <Execution id="ae7df987-9d0b-422a-9bca-b9499eb39a2a" />
      <TestMethod codeBase="D:/code/codeplex/trx2html/TRX2HTML Solution/trx2html.Test/bin/Debug/trx2html.Test.DLL" adapterTypeName="Microsoft.VisualStudio.TestTools.TestTypes.Unit.UnitTestAdapter, Microsoft.VisualStudio.QualityTools.Tips.UnitTest.Adapter, Version=10.0.0.0, Culture=neutral, PublicKeyToken=b03f5f7f11d50a3a" className="trx2html.Test.V2.NewParser, trx2html.Test, Version=0.0.4.0, Culture=neutral, PublicKeyToken=null" name="PlayWithLINQ" />
    </UnitTest>
    <UnitTest name="TestMethodFail" storage="d:\code\codeplex\trx2html\trx2html solution\samplereport\bin\debug\samplereport.dll" id="4cf016ed-1c06-41be-309f-07784035100a">
      <Description>TestMethodThatFailsDescription</Description>
      <Execution id="16968743-472f-4284-8517-c48eaf66d32c" />
      <TestMethod codeBase="D:/code/codeplex/trx2html/TRX2HTML Solution/SampleReport/bin/Debug/SampleReport.DLL" adapterTypeName="Microsoft.VisualStudio.TestTools.TestTypes.Unit.UnitTestAdapter, Microsoft.VisualStudio.QualityTools.Tips.UnitTest.Adapter, Version=10.0.0.0, Culture=neutral, PublicKeyToken=b03f5f7f11d50a3a" className="trx2html.Test.FailAndIgnored, SampleReport, Version=1.0.0.0, Culture=neutral, PublicKeyToken=null" name="TestMethodFail" />
    </UnitTest>
    <UnitTest name="TestMethod1" storage="d:\code\codeplex\trx2html\trx2html solution\samplereport\bin\debug\samplereport.dll" id="5be81b92-33b1-a70c-ed9d-1d826974a419">
      <Description>TestMethod1Description</Description>
      <Execution id="d9d7ff0a-6cb7-4e0c-b3e3-7d6dc4f7dbef" />
      <TestMethod codeBase="D:/code/codeplex/trx2html/TRX2HTML Solution/SampleReport/bin/Debug/SampleReport.DLL" adapterTypeName="Microsoft.VisualStudio.TestTools.TestTypes.Unit.UnitTestAdapter, Microsoft.VisualStudio.QualityTools.Tips.UnitTest.Adapter, Version=10.0.0.0, Culture=neutral, PublicKeyToken=b03f5f7f11d50a3a" className="trx2html.Test.AllPassed, SampleReport, Version=1.0.0.0, Culture=neutral, PublicKeyToken=null" name="TestMethod1" />
    </UnitTest>
    <UnitTest name="GroupedByStatus" storage="d:\code\codeplex\trx2html\trx2html solution\trx2html.test\bin\debug\trx2html.test.dll" id="90753992-9937-ac77-2650-9ed523ddde2f">
      <DeploymentItems>
        <DeploymentItem filename="trx2html.Test\TestFiles\VS2010.trx.xml" />
      </DeploymentItems>
      <Execution id="74d2729f-0a03-488c-862b-6d387295aa9f" />
      <TestMethod codeBase="D:/code/codeplex/trx2html/TRX2HTML Solution/trx2html.Test/bin/Debug/trx2html.Test.DLL" adapterTypeName="Microsoft.VisualStudio.TestTools.TestTypes.Unit.UnitTestAdapter, Microsoft.VisualStudio.QualityTools.Tips.UnitTest.Adapter, Version=10.0.0.0, Culture=neutral, PublicKeyToken=b03f5f7f11d50a3a" className="trx2html.Test.V2.TrxParserTest, trx2html.Test, Version=0.0.4.0, Culture=neutral, PublicKeyToken=null" name="GroupedByStatus" />
    </UnitTest>
    <UnitTest name="TestMethod3" storage="d:\code\codeplex\trx2html\trx2html solution\samplereport\bin\debug\samplereport.dll" id="a2559688-4825-60f4-21dd-3031a57f6336">
      <Description>TestMethod3Description</Description>
      <Execution id="212b7bea-95b6-475c-98b8-7f4fbbf04cfc" />
      <TestMethod codeBase="D:/code/codeplex/trx2html/TRX2HTML Solution/SampleReport/bin/Debug/SampleReport.DLL" adapterTypeName="Microsoft.VisualStudio.TestTools.TestTypes.Unit.UnitTestAdapter, Microsoft.VisualStudio.QualityTools.Tips.UnitTest.Adapter, Version=10.0.0.0, Culture=neutral, PublicKeyToken=b03f5f7f11d50a3a" className="trx2html.Test.AllPassed, SampleReport, Version=1.0.0.0, Culture=neutral, PublicKeyToken=null" name="TestMethod3" />
    </UnitTest>
    <UnitTest name="TestMethod2" storage="d:\code\codeplex\trx2html\trx2html solution\samplereport\bin\debug\samplereport.dll" id="92a33c82-5798-6f5e-b54d-dcaa3166981c">
      <Description>TestMethodThatPassDescription</Description>
      <Execution id="820cb0c9-3df3-4647-b6c9-acfe9e4fa30e" />
      <TestMethod codeBase="D:/code/codeplex/trx2html/TRX2HTML Solution/SampleReport/bin/Debug/SampleReport.DLL" adapterTypeName="Microsoft.VisualStudio.TestTools.TestTypes.Unit.UnitTestAdapter, Microsoft.VisualStudio.QualityTools.Tips.UnitTest.Adapter, Version=10.0.0.0, Culture=neutral, PublicKeyToken=b03f5f7f11d50a3a" className="trx2html.Test.SomeIgnored, SampleReport, Version=1.0.0.0, Culture=neutral, PublicKeyToken=null" name="TestMethod2" />
    </UnitTest>
    <UnitTest name="TestMethodFail" storage="d:\code\codeplex\trx2html\trx2html solution\samplereport\bin\debug\samplereport.dll" id="8cb59d81-285d-abd7-6b38-1322a0c39841">
      <Description>TestMethodThatFailDescription</Description>
      <Execution id="a7862591-df34-4fb1-8726-8fbcd8bbbfcf" />
      <TestMethod codeBase="D:/code/codeplex/trx2html/TRX2HTML Solution/SampleReport/bin/Debug/SampleReport.DLL" adapterTypeName="Microsoft.VisualStudio.TestTools.TestTypes.Unit.UnitTestAdapter, Microsoft.VisualStudio.QualityTools.Tips.UnitTest.Adapter, Version=10.0.0.0, Culture=neutral, PublicKeyToken=b03f5f7f11d50a3a" className="trx2html.Test.AllFailed, SampleReport, Version=1.0.0.0, Culture=neutral, PublicKeyToken=null" name="TestMethodFail" />
    </UnitTest>
    <UnitTest name="ParseVS10SampleFile" storage="d:\code\codeplex\trx2html\trx2html solution\trx2html.test\bin\debug\trx2html.test.dll" id="f059cc5f-0a1b-cc7a-fe28-2a877f8590fd">
      <DeploymentItems>
        <DeploymentItem filename="trx2html.Test\TestFiles\VS2010.trx.xml" />
      </DeploymentItems>
      <Execution id="028f7647-49d9-4b60-8d41-f9d094d69ad4" />
      <TestMethod codeBase="D:/code/codeplex/trx2html/TRX2HTML Solution/trx2html.Test/bin/Debug/trx2html.Test.DLL" adapterTypeName="Microsoft.VisualStudio.TestTools.TestTypes.Unit.UnitTestAdapter, Microsoft.VisualStudio.QualityTools.Tips.UnitTest.Adapter, Version=10.0.0.0, Culture=neutral, PublicKeyToken=b03f5f7f11d50a3a" className="trx2html.Test.V2.TrxParserTest, trx2html.Test, Version=0.0.4.0, Culture=neutral, PublicKeyToken=null" name="ParseVS10SampleFile" />
    </UnitTest>
    <UnitTest name="TestMethod3" storage="d:\code\codeplex\trx2html\trx2html solution\samplereport\bin\debug\samplereport.dll" id="e2da85c0-df83-1d56-d83c-7ac95f39a15e">
      <Description>TestMethodThatFailDescription</Description>
      <Execution id="0eae4e94-5a62-47f4-a2d7-e796f20174d0" />
      <TestMethod codeBase="D:/code/codeplex/trx2html/TRX2HTML Solution/SampleReport/bin/Debug/SampleReport.DLL" adapterTypeName="Microsoft.VisualStudio.TestTools.TestTypes.Unit.UnitTestAdapter, Microsoft.VisualStudio.QualityTools.Tips.UnitTest.Adapter, Version=10.0.0.0, Culture=neutral, PublicKeyToken=b03f5f7f11d50a3a" className="trx2html.Test.AllFailed, SampleReport, Version=1.0.0.0, Culture=neutral, PublicKeyToken=null" name="TestMethod3" />
    </UnitTest>
    <UnitTest name="LoadTextFromResourceTest" storage="d:\code\codeplex\trx2html\trx2html solution\trx2html.test\bin\debug\trx2html.test.dll" id="ca29a9d8-04c0-5b5b-c341-408997b19829">
      <DeploymentItems>
        <DeploymentItem filename="trx2html.exe" />
      </DeploymentItems>
      <Execution id="2557ee61-4fe5-4e41-8a9e-22afe762d954" />
      <TestMethod codeBase="D:/code/codeplex/trx2html/TRX2HTML Solution/trx2html.Test/bin/Debug/trx2html.Test.DLL" adapterTypeName="Microsoft.VisualStudio.TestTools.TestTypes.Unit.UnitTestAdapter, Microsoft.VisualStudio.QualityTools.Tips.UnitTest.Adapter, Version=10.0.0.0, Culture=neutral, PublicKeyToken=b03f5f7f11d50a3a" className="trx2html.Test.ResourceReaderTest, trx2html.Test, Version=0.0.4.0, Culture=neutral, PublicKeyToken=null" name="LoadTextFromResourceTest" />
    </UnitTest>
    <UnitTest name="TestMethod2" storage="d:\code\codeplex\trx2html\trx2html solution\samplereport\bin\debug\samplereport.dll" id="8cee29df-f818-118d-eff2-2e1ac189ce4f">
      <Description>TestMethodThatPassDescription</Description>
      <Execution id="66158028-91c9-4c72-8b0c-3bbe9b9d521a" />
      <TestMethod codeBase="D:/code/codeplex/trx2html/TRX2HTML Solution/SampleReport/bin/Debug/SampleReport.DLL" adapterTypeName="Microsoft.VisualStudio.TestTools.TestTypes.Unit.UnitTestAdapter, Microsoft.VisualStudio.QualityTools.Tips.UnitTest.Adapter, Version=10.0.0.0, Culture=neutral, PublicKeyToken=b03f5f7f11d50a3a" className="trx2html.Test.SomeFailed, SampleReport, Version=1.0.0.0, Culture=neutral, PublicKeyToken=null" name="TestMethod2" />
    </UnitTest>
    <UnitTest name="GetVersions" storage="d:\code\codeplex\trx2html\trx2html solution\trx2html.test\bin\debug\trx2html.test.dll" id="1bbf2678-244a-4452-1867-91bdbb0fbdbe">
      <DeploymentItems>
        <DeploymentItem filename="TestFiles" />
      </DeploymentItems>
      <Execution id="0c849472-57a8-42c3-a098-168d9fe1769a" />
      <TestMethod codeBase="D:/code/codeplex/trx2html/TRX2HTML Solution/trx2html.Test/bin/Debug/trx2html.Test.DLL" adapterTypeName="Microsoft.VisualStudio.TestTools.TestTypes.Unit.UnitTestAdapter, Microsoft.VisualStudio.QualityTools.Tips.UnitTest.Adapter, Version=10.0.0.0, Culture=neutral, PublicKeyToken=b03f5f7f11d50a3a" className="trx2html.Test.VersionFinderTest, trx2html.Test, Version=0.0.4.0, Culture=neutral, PublicKeyToken=null" name="GetVersions" />
    </UnitTest>
    <UnitTest name="TestMethod2" storage="d:\code\codeplex\trx2html\trx2html solution\samplereport\bin\debug\samplereport.dll" id="ea63fd71-f65d-c981-9599-34226d0823cb">
      <Description>TestMethod2Description</Description>
      <Execution id="30f8c305-011e-4fdf-a0a8-ac6adb855b57" />
      <TestMethod codeBase="D:/code/codeplex/trx2html/TRX2HTML Solution/SampleReport/bin/Debug/SampleReport.DLL" adapterTypeName="Microsoft.VisualStudio.TestTools.TestTypes.Unit.UnitTestAdapter, Microsoft.VisualStudio.QualityTools.Tips.UnitTest.Adapter, Version=10.0.0.0, Culture=neutral, PublicKeyToken=b03f5f7f11d50a3a" className="trx2html.Test.AllPassed, SampleReport, Version=1.0.0.0, Culture=neutral, PublicKeyToken=null" name="TestMethod2" />
    </UnitTest>
    <UnitTest name="TestMethod5" storage="d:\code\codeplex\trx2html\trx2html solution\samplereport\bin\debug\samplereport.dll" id="58e27871-56f6-79c1-84d8-46a9245976f8">
      <Description>TestMethodThatIsIconclusive</Description>
      <Execution id="9a34abf6-32ff-4a23-a26a-2a4ed3b6f59b" />
      <TestMethod codeBase="D:/code/codeplex/trx2html/TRX2HTML Solution/SampleReport/bin/Debug/SampleReport.DLL" adapterTypeName="Microsoft.VisualStudio.TestTools.TestTypes.Unit.UnitTestAdapter, Microsoft.VisualStudio.QualityTools.Tips.UnitTest.Adapter, Version=10.0.0.0, Culture=neutral, PublicKeyToken=b03f5f7f11d50a3a" className="trx2html.Test.FailAndIgnored, SampleReport, Version=1.0.0.0, Culture=neutral, PublicKeyToken=null" name="TestMethod5" />
    </UnitTest>
    <UnitTest name="TestMethodFail2" storage="d:\code\codeplex\trx2html\trx2html solution\samplereport\bin\debug\samplereport.dll" id="7e8880a8-49aa-3ca7-d581-0c96347aaf23">
      <Description>TestMethodThatFailsDescription</Description>
      <Execution id="de9dba24-59bb-4489-9e2b-33f05957a968" />
      <TestMethod codeBase="D:/code/codeplex/trx2html/TRX2HTML Solution/SampleReport/bin/Debug/SampleReport.DLL" adapterTypeName="Microsoft.VisualStudio.TestTools.TestTypes.Unit.UnitTestAdapter, Microsoft.VisualStudio.QualityTools.Tips.UnitTest.Adapter, Version=10.0.0.0, Culture=neutral, PublicKeyToken=b03f5f7f11d50a3a" className="trx2html.Test.FailAndIgnored, SampleReport, Version=1.0.0.0, Culture=neutral, PublicKeyToken=null" name="TestMethodFail2" />
    </UnitTest>
    <UnitTest name="CreateHtmlFile" storage="d:\code\codeplex\trx2html\trx2html solution\trx2html.test\bin\debug\trx2html.test.dll" id="91a95244-8023-acf5-c17a-717772709309">
      <DeploymentItems>
        <DeploymentItem filename="trx2html.Test\TestFiles\VS2010.trx.xml" />
      </DeploymentItems>
      <Execution id="59872140-4e96-4b2f-914a-27c9d2db6b2a" />
      <TestMethod codeBase="D:/code/codeplex/trx2html/TRX2HTML Solution/trx2html.Test/bin/Debug/trx2html.Test.DLL" adapterTypeName="Microsoft.VisualStudio.TestTools.TestTypes.Unit.UnitTestAdapter, Microsoft.VisualStudio.QualityTools.Tips.UnitTest.Adapter, Version=10.0.0.0, Culture=neutral, PublicKeyToken=b03f5f7f11d50a3a" className="trx2html.Test.V2.TrxParserTest, trx2html.Test, Version=0.0.4.0, Culture=neutral, PublicKeyToken=null" name="CreateHtmlFile" />
    </UnitTest>
    <UnitTest name="TestMethod3" storage="d:\code\codeplex\trx2html\trx2html solution\samplereport\bin\debug\samplereport.dll" id="bdd0d1b7-bde4-8fc1-90a4-bcb958bea578">
      <Description>TestMethodThatFailDescription</Description>
      <Execution id="53f2504a-8dd0-4716-994f-995877edf95c" />
      <TestMethod codeBase="D:/code/codeplex/trx2html/TRX2HTML Solution/SampleReport/bin/Debug/SampleReport.DLL" adapterTypeName="Microsoft.VisualStudio.TestTools.TestTypes.Unit.UnitTestAdapter, Microsoft.VisualStudio.QualityTools.Tips.UnitTest.Adapter, Version=10.0.0.0, Culture=neutral, PublicKeyToken=b03f5f7f11d50a3a" className="trx2html.Test.SomeFailed, SampleReport, Version=1.0.0.0, Culture=neutral, PublicKeyToken=null" name="TestMethod3" />
    </UnitTest>
    <UnitTest name="TestMethod6" storage="d:\code\codeplex\trx2html\trx2html solution\samplereport\bin\debug\samplereport.dll" id="9f83fd64-76ec-9cfd-d033-2426bb82b2d6">
      <Description>TestMethodThatIsIconclusive</Description>
      <Execution id="b009fe0c-cb3b-4069-89b9-d204011a9bb7" />
      <TestMethod codeBase="D:/code/codeplex/trx2html/TRX2HTML Solution/SampleReport/bin/Debug/SampleReport.DLL" adapterTypeName="Microsoft.VisualStudio.TestTools.TestTypes.Unit.UnitTestAdapter, Microsoft.VisualStudio.QualityTools.Tips.UnitTest.Adapter, Version=10.0.0.0, Culture=neutral, PublicKeyToken=b03f5f7f11d50a3a" className="trx2html.Test.FailAndIgnored, SampleReport, Version=1.0.0.0, Culture=neutral, PublicKeyToken=null" name="TestMethod6" />
    </UnitTest>
    <UnitTest name="TestMethod2" storage="d:\code\codeplex\trx2html\trx2html solution\samplereport\bin\debug\samplereport.dll" id="87728c89-8f2b-bf64-f8a6-3159d3c49299">
      <Description>TestMethodThatFailDescription</Description>
      <Execution id="73c452df-855d-4ed3-be50-13da898b4c9b" />
      <TestMethod codeBase="D:/code/codeplex/trx2html/TRX2HTML Solution/SampleReport/bin/Debug/SampleReport.DLL" adapterTypeName="Microsoft.VisualStudio.TestTools.TestTypes.Unit.UnitTestAdapter, Microsoft.VisualStudio.QualityTools.Tips.UnitTest.Adapter, Version=10.0.0.0, Culture=neutral, PublicKeyToken=b03f5f7f11d50a3a" className="trx2html.Test.AllFailed, SampleReport, Version=1.0.0.0, Culture=neutral, PublicKeyToken=null" name="TestMethod2" />
    </UnitTest>
    <UnitTest name="TestMethod4" storage="d:\code\codeplex\trx2html\trx2html solution\samplereport\bin\debug\samplereport.dll" id="c8de44c0-d407-4488-30ec-547ec1c8b19a">
      <Description>TestMethodThatIsIconclusive</Description>
      <Execution id="ad32981a-dd8e-4d28-bcf8-17fa75ab6966" />
      <TestMethod codeBase="D:/code/codeplex/trx2html/TRX2HTML Solution/SampleReport/bin/Debug/SampleReport.DLL" adapterTypeName="Microsoft.VisualStudio.TestTools.TestTypes.Unit.UnitTestAdapter, Microsoft.VisualStudio.QualityTools.Tips.UnitTest.Adapter, Version=10.0.0.0, Culture=neutral, PublicKeyToken=b03f5f7f11d50a3a" className="trx2html.Test.SomeIgnored, SampleReport, Version=1.0.0.0, Culture=neutral, PublicKeyToken=null" name="TestMethod4" />
    </UnitTest>
  </TestDefinitions>
  <TestLists>
    <TestList name="Results Not in a List" id="8c84fa94-04c1-424b-9868-57a2d4851a1d" />
    <TestList name="All Loaded Results" id="19431567-8539-422a-85d7-44ee4e166bda" />
  </TestLists>
  <TestEntries>
    <TestEntry testId="c485d085-fa86-9de1-fdf2-33492397240a" executionId="e602a00c-3c10-429f-baa6-2f9c48bbb829" testListId="8c84fa94-04c1-424b-9868-57a2d4851a1d" />
    <TestEntry testId="8cee29df-f818-118d-eff2-2e1ac189ce4f" executionId="66158028-91c9-4c72-8b0c-3bbe9b9d521a" testListId="8c84fa94-04c1-424b-9868-57a2d4851a1d" />
    <TestEntry testId="bdd0d1b7-bde4-8fc1-90a4-bcb958bea578" executionId="53f2504a-8dd0-4716-994f-995877edf95c" testListId="8c84fa94-04c1-424b-9868-57a2d4851a1d" />
    <TestEntry testId="4cf016ed-1c06-41be-309f-07784035100a" executionId="16968743-472f-4284-8517-c48eaf66d32c" testListId="8c84fa94-04c1-424b-9868-57a2d4851a1d" />
    <TestEntry testId="7e8880a8-49aa-3ca7-d581-0c96347aaf23" executionId="de9dba24-59bb-4489-9e2b-33f05957a968" testListId="8c84fa94-04c1-424b-9868-57a2d4851a1d" />
    <TestEntry testId="b5966869-ab5b-78e3-e77e-3bc6715117dd" executionId="7b02b92b-61b5-4ad7-9ce1-d2d7a76538e5" testListId="8c84fa94-04c1-424b-9868-57a2d4851a1d" />
    <TestEntry testId="58e27871-56f6-79c1-84d8-46a9245976f8" executionId="9a34abf6-32ff-4a23-a26a-2a4ed3b6f59b" testListId="8c84fa94-04c1-424b-9868-57a2d4851a1d" />
    <TestEntry testId="9f83fd64-76ec-9cfd-d033-2426bb82b2d6" executionId="b009fe0c-cb3b-4069-89b9-d204011a9bb7" testListId="8c84fa94-04c1-424b-9868-57a2d4851a1d" />
    <TestEntry testId="5be81b92-33b1-a70c-ed9d-1d826974a419" executionId="d9d7ff0a-6cb7-4e0c-b3e3-7d6dc4f7dbef" testListId="8c84fa94-04c1-424b-9868-57a2d4851a1d" />
    <TestEntry testId="ea63fd71-f65d-c981-9599-34226d0823cb" executionId="30f8c305-011e-4fdf-a0a8-ac6adb855b57" testListId="8c84fa94-04c1-424b-9868-57a2d4851a1d" />
    <TestEntry testId="a2559688-4825-60f4-21dd-3031a57f6336" executionId="212b7bea-95b6-475c-98b8-7f4fbbf04cfc" testListId="8c84fa94-04c1-424b-9868-57a2d4851a1d" />
    <TestEntry testId="8cb59d81-285d-abd7-6b38-1322a0c39841" executionId="a7862591-df34-4fb1-8726-8fbcd8bbbfcf" testListId="8c84fa94-04c1-424b-9868-57a2d4851a1d" />
    <TestEntry testId="87728c89-8f2b-bf64-f8a6-3159d3c49299" executionId="73c452df-855d-4ed3-be50-13da898b4c9b" testListId="8c84fa94-04c1-424b-9868-57a2d4851a1d" />
    <TestEntry testId="e2da85c0-df83-1d56-d83c-7ac95f39a15e" executionId="0eae4e94-5a62-47f4-a2d7-e796f20174d0" testListId="8c84fa94-04c1-424b-9868-57a2d4851a1d" />
    <TestEntry testId="01f9d9e2-e029-eb84-bc8f-dff2e4a10d99" executionId="d25e0054-87d5-4b50-8ab9-728a022222c1" testListId="8c84fa94-04c1-424b-9868-57a2d4851a1d" />
    <TestEntry testId="92a33c82-5798-6f5e-b54d-dcaa3166981c" executionId="820cb0c9-3df3-4647-b6c9-acfe9e4fa30e" testListId="8c84fa94-04c1-424b-9868-57a2d4851a1d" />
    <TestEntry testId="c8de44c0-d407-4488-30ec-547ec1c8b19a" executionId="ad32981a-dd8e-4d28-bcf8-17fa75ab6966" testListId="8c84fa94-04c1-424b-9868-57a2d4851a1d" />
    <TestEntry testId="1bbf2678-244a-4452-1867-91bdbb0fbdbe" executionId="0c849472-57a8-42c3-a098-168d9fe1769a" testListId="8c84fa94-04c1-424b-9868-57a2d4851a1d" />
    <TestEntry testId="9f44f878-4639-36af-1698-a05c27d3b2d8" executionId="ae7df987-9d0b-422a-9bca-b9499eb39a2a" testListId="8c84fa94-04c1-424b-9868-57a2d4851a1d" />
    <TestEntry testId="ca29a9d8-04c0-5b5b-c341-408997b19829" executionId="2557ee61-4fe5-4e41-8a9e-22afe762d954" testListId="8c84fa94-04c1-424b-9868-57a2d4851a1d" />
    <TestEntry testId="92f2efb0-47b6-db8d-fb8f-fdb1003e07f5" executionId="48104d78-6b24-4759-8b74-82bf02944cb5" testListId="8c84fa94-04c1-424b-9868-57a2d4851a1d" />
    <TestEntry testId="f059cc5f-0a1b-cc7a-fe28-2a877f8590fd" executionId="028f7647-49d9-4b60-8d41-f9d094d69ad4" testListId="8c84fa94-04c1-424b-9868-57a2d4851a1d" />
    <TestEntry testId="2fa09724-736e-1fa7-fd78-a641492fa3c7" executionId="de8cf219-837c-47cf-a152-1fcf190bb1a2" testListId="8c84fa94-04c1-424b-9868-57a2d4851a1d" />
    <TestEntry testId="90753992-9937-ac77-2650-9ed523ddde2f" executionId="74d2729f-0a03-488c-862b-6d387295aa9f" testListId="8c84fa94-04c1-424b-9868-57a2d4851a1d" />
    <TestEntry testId="91a95244-8023-acf5-c17a-717772709309" executionId="59872140-4e96-4b2f-914a-27c9d2db6b2a" testListId="8c84fa94-04c1-424b-9868-57a2d4851a1d" />
  </TestEntries>
  <Results>
    <UnitTestResult executionId="e602a00c-3c10-429f-baa6-2f9c48bbb829" testId="c485d085-fa86-9de1-fdf2-33492397240a" testName="TestMethodFail" computerName="RIDOHP" duration="00:00:00.0288628" startTime="2011-05-15T20:38:34.7203476+02:00" endTime="2011-05-15T20:38:34.9603479+02:00" testType="13cdc9d9-ddb5-4fa4-a97d-d965ccfc6d4b" outcome="Failed" testListId="8c84fa94-04c1-424b-9868-57a2d4851a1d" relativeResultsDirectory="e602a00c-3c10-429f-baa6-2f9c48bbb829">
      <Output>
        <ErrorInfo>
          <Message>Assert.Fail failed. Test fail</Message>
          <StackTrace>   at trx2html.Test.SomeFailed.TestMethodFail() in d:\code\codeplex\trx2html\TRX2HTML Solution\SampleReport\SomeFailed.cs:line 46
</StackTrace>
        </ErrorInfo>
      </Output>
    </UnitTestResult>
    <UnitTestResult executionId="66158028-91c9-4c72-8b0c-3bbe9b9d521a" testId="8cee29df-f818-118d-eff2-2e1ac189ce4f" testName="TestMethod2" computerName="RIDOHP" duration="00:00:00.0001546" startTime="2011-05-15T20:38:34.9603479+02:00" endTime="2011-05-15T20:38:34.9703479+02:00" testType="13cdc9d9-ddb5-4fa4-a97d-d965ccfc6d4b" outcome="Passed" testListId="8c84fa94-04c1-424b-9868-57a2d4851a1d" relativeResultsDirectory="66158028-91c9-4c72-8b0c-3bbe9b9d521a">
    </UnitTestResult>
    <UnitTestResult executionId="53f2504a-8dd0-4716-994f-995877edf95c" testId="bdd0d1b7-bde4-8fc1-90a4-bcb958bea578" testName="TestMethod3" computerName="RIDOHP" duration="00:00:00.0012504" startTime="2011-05-15T20:38:34.9703479+02:00" endTime="2011-05-15T20:38:34.9703479+02:00" testType="13cdc9d9-ddb5-4fa4-a97d-d965ccfc6d4b" outcome="Failed" testListId="8c84fa94-04c1-424b-9868-57a2d4851a1d" relativeResultsDirectory="53f2504a-8dd0-4716-994f-995877edf95c">
      <Output>
        <ErrorInfo>
          <Message>Assert.Fail failed. Test failed</Message>
          <StackTrace>   at trx2html.Test.SomeFailed.TestMethod3() in d:\code\codeplex\trx2html\TRX2HTML Solution\SampleReport\SomeFailed.cs:line 56
</StackTrace>
        </ErrorInfo>
      </Output>
    </UnitTestResult>
    <UnitTestResult executionId="16968743-472f-4284-8517-c48eaf66d32c" testId="4cf016ed-1c06-41be-309f-07784035100a" testName="TestMethodFail" computerName="RIDOHP" duration="00:00:00.0013774" startTime="2011-05-15T20:38:34.9803479+02:00" endTime="2011-05-15T20:38:34.9803479+02:00" testType="13cdc9d9-ddb5-4fa4-a97d-d965ccfc6d4b" outcome="Failed" testListId="8c84fa94-04c1-424b-9868-57a2d4851a1d" relativeResultsDirectory="16968743-472f-4284-8517-c48eaf66d32c">
      <Output>
        <ErrorInfo>
          <Message>Assert.Fail failed. Test fail</Message>
          <StackTrace>   at trx2html.Test.FailAndIgnored.TestMethodFail() in d:\code\codeplex\trx2html\TRX2HTML Solution\SampleReport\FailAndIgnored.cs:line 46
</StackTrace>
        </ErrorInfo>
      </Output>
    </UnitTestResult>
    <UnitTestResult executionId="de9dba24-59bb-4489-9e2b-33f05957a968" testId="7e8880a8-49aa-3ca7-d581-0c96347aaf23" testName="TestMethodFail2" computerName="RIDOHP" duration="00:00:00.0012593" startTime="2011-05-15T20:38:34.9803479+02:00" endTime="2011-05-15T20:38:34.9903479+02:00" testType="13cdc9d9-ddb5-4fa4-a97d-d965ccfc6d4b" outcome="Failed" testListId="8c84fa94-04c1-424b-9868-57a2d4851a1d" relativeResultsDirectory="de9dba24-59bb-4489-9e2b-33f05957a968">
      <Output>
        <ErrorInfo>
          <Message>Assert.Fail failed. Test fail</Message>
          <StackTrace>   at trx2html.Test.FailAndIgnored.TestMethodFail2() in d:\code\codeplex\trx2html\TRX2HTML Solution\SampleReport\FailAndIgnored.cs:line 52
</StackTrace>
        </ErrorInfo>
      </Output>
    </UnitTestResult>
    <UnitTestResult executionId="7b02b92b-61b5-4ad7-9ce1-d2d7a76538e5" testId="b5966869-ab5b-78e3-e77e-3bc6715117dd" testName="TestMethod4" computerName="RIDOHP" duration="00:00:00.0007153" startTime="2011-05-15T20:38:34.9903479+02:00" endTime="2011-05-15T20:38:34.9903479+02:00" testType="13cdc9d9-ddb5-4fa4-a97d-d965ccfc6d4b" outcome="Inconclusive" testListId="8c84fa94-04c1-424b-9868-57a2d4851a1d" relativeResultsDirectory="7b02b92b-61b5-4ad7-9ce1-d2d7a76538e5">
      <Output>
        <ErrorInfo>
          <Message>Assert.Inconclusive failed. Inconclusive</Message>
          <StackTrace>   at trx2html.Test.FailAndIgnored.TestMethod4() in d:\code\codeplex\trx2html\TRX2HTML Solution\SampleReport\FailAndIgnored.cs:line 59
</StackTrace>
        </ErrorInfo>
      </Output>
    </UnitTestResult>
    <UnitTestResult executionId="9a34abf6-32ff-4a23-a26a-2a4ed3b6f59b" testId="58e27871-56f6-79c1-84d8-46a9245976f8" testName="TestMethod5" computerName="RIDOHP" duration="00:00:00.0005831" startTime="2011-05-15T20:38:34.9903479+02:00" endTime="2011-05-15T20:38:34.9903479+02:00" testType="13cdc9d9-ddb5-4fa4-a97d-d965ccfc6d4b" outcome="Inconclusive" testListId="8c84fa94-04c1-424b-9868-57a2d4851a1d" relativeResultsDirectory="9a34abf6-32ff-4a23-a26a-2a4ed3b6f59b">
      <Output>
        <ErrorInfo>
          <Message>Assert.Inconclusive failed. Inconclusive</Message>
          <StackTrace>   at trx2html.Test.FailAndIgnored.TestMethod5() in d:\code\codeplex\trx2html\TRX2HTML Solution\SampleReport\FailAndIgnored.cs:line 65
</StackTrace>
        </ErrorInfo>
      </Output>
    </UnitTestResult>
    <UnitTestResult executionId="b009fe0c-cb3b-4069-89b9-d204011a9bb7" testId="9f83fd64-76ec-9cfd-d033-2426bb82b2d6" testName="TestMethod6" computerName="RIDOHP" duration="00:00:00.0004754" startTime="2011-05-15T20:38:35.0003480+02:00" endTime="2011-05-15T20:38:35.0003480+02:00" testType="13cdc9d9-ddb5-4fa4-a97d-d965ccfc6d4b" outcome="Inconclusive" testListId="8c84fa94-04c1-424b-9868-57a2d4851a1d" relativeResultsDirectory="b009fe0c-cb3b-4069-89b9-d204011a9bb7">
      <Output>
        <ErrorInfo>
          <Message>Assert.Inconclusive failed. Inconclusive</Message>
          <StackTrace>   at trx2html.Test.FailAndIgnored.TestMethod6() in d:\code\codeplex\trx2html\TRX2HTML Solution\SampleReport\FailAndIgnored.cs:line 71
</StackTrace>
        </ErrorInfo>
      </Output>
    </UnitTestResult>
    <UnitTestResult executionId="d9d7ff0a-6cb7-4e0c-b3e3-7d6dc4f7dbef" testId="5be81b92-33b1-a70c-ed9d-1d826974a419" testName="TestMethod1" computerName="RIDOHP" duration="00:00:00.0004073" startTime="2011-05-15T20:38:35.0003480+02:00" endTime="2011-05-15T20:38:35.0003480+02:00" testType="13cdc9d9-ddb5-4fa4-a97d-d965ccfc6d4b" outcome="Passed" testListId="8c84fa94-04c1-424b-9868-57a2d4851a1d" relativeResultsDirectory="d9d7ff0a-6cb7-4e0c-b3e3-7d6dc4f7dbef">
      <Output>
        <StdOut>tracelog from console.out</StdOut>
        <StdErr>tracelog from error.out</StdErr>
        <DebugTrace>tracelog from debug
</DebugTrace>
      </Output>
    </UnitTestResult>
    <UnitTestResult executionId="30f8c305-011e-4fdf-a0a8-ac6adb855b57" testId="ea63fd71-f65d-c981-9599-34226d0823cb" testName="TestMethod2" computerName="RIDOHP" duration="00:00:00.0000840" startTime="2011-05-15T20:38:35.0003480+02:00" endTime="2011-05-15T20:38:35.0103480+02:00" testType="13cdc9d9-ddb5-4fa4-a97d-d965ccfc6d4b" outcome="Passed" testListId="8c84fa94-04c1-424b-9868-57a2d4851a1d" relativeResultsDirectory="30f8c305-011e-4fdf-a0a8-ac6adb855b57">
    </UnitTestResult>
    <UnitTestResult executionId="212b7bea-95b6-475c-98b8-7f4fbbf04cfc" testId="a2559688-4825-60f4-21dd-3031a57f6336" testName="TestMethod3" computerName="RIDOHP" duration="00:00:00.0000782" startTime="2011-05-15T20:38:35.0103480+02:00" endTime="2011-05-15T20:38:35.0103480+02:00" testType="13cdc9d9-ddb5-4fa4-a97d-d965ccfc6d4b" outcome="Passed" testListId="8c84fa94-04c1-424b-9868-57a2d4851a1d" relativeResultsDirectory="212b7bea-95b6-475c-98b8-7f4fbbf04cfc">
    </UnitTestResult>
    <UnitTestResult executionId="a7862591-df34-4fb1-8726-8fbcd8bbbfcf" testId="8cb59d81-285d-abd7-6b38-1322a0c39841" testName="TestMethodFail" computerName="RIDOHP" duration="00:00:00.0014865" startTime="2011-05-15T20:38:35.0103480+02:00" endTime="2011-05-15T20:38:35.0203480+02:00" testType="13cdc9d9-ddb5-4fa4-a97d-d965ccfc6d4b" outcome="Failed" testListId="8c84fa94-04c1-424b-9868-57a2d4851a1d" relativeResultsDirectory="a7862591-df34-4fb1-8726-8fbcd8bbbfcf">
      <Output>
        <ErrorInfo>
          <Message>Assert.Fail failed. Test fail</Message>
          <StackTrace>   at trx2html.Test.AllFailed.TestMethodFail() in d:\code\codeplex\trx2html\TRX2HTML Solution\SampleReport\AllFailed.cs:line 46
</StackTrace>
        </ErrorInfo>
      </Output>
    </UnitTestResult>
    <UnitTestResult executionId="73c452df-855d-4ed3-be50-13da898b4c9b" testId="87728c89-8f2b-bf64-f8a6-3159d3c49299" testName="TestMethod2" computerName="RIDOHP" duration="00:00:00.0016469" startTime="2011-05-15T20:38:35.0203480+02:00" endTime="2011-05-15T20:38:35.0203480+02:00" testType="13cdc9d9-ddb5-4fa4-a97d-d965ccfc6d4b" outcome="Failed" testListId="8c84fa94-04c1-424b-9868-57a2d4851a1d" relativeResultsDirectory="73c452df-855d-4ed3-be50-13da898b4c9b">
      <Output>
        <ErrorInfo>
          <Message>Assert.Fail failed. Test failed</Message>
          <StackTrace>   at trx2html.Test.AllFailed.TestMethod2() in d:\code\codeplex\trx2html\TRX2HTML Solution\SampleReport\AllFailed.cs:line 51
</StackTrace>
        </ErrorInfo>
      </Output>
    </UnitTestResult>
    <UnitTestResult executionId="0eae4e94-5a62-47f4-a2d7-e796f20174d0" testId="e2da85c0-df83-1d56-d83c-7ac95f39a15e" testName="TestMethod3" computerName="RIDOHP" duration="00:00:00.0016129" startTime="2011-05-15T20:38:35.0203480+02:00" endTime="2011-05-15T20:38:35.0303480+02:00" testType="13cdc9d9-ddb5-4fa4-a97d-d965ccfc6d4b" outcome="Failed" testListId="8c84fa94-04c1-424b-9868-57a2d4851a1d" relativeResultsDirectory="0eae4e94-5a62-47f4-a2d7-e796f20174d0">
      <Output>
        <ErrorInfo>
          <Message>Assert.Fail failed. Test failed</Message>
          <StackTrace>   at trx2html.Test.AllFailed.TestMethod3() in d:\code\codeplex\trx2html\TRX2HTML Solution\SampleReport\AllFailed.cs:line 56
</StackTrace>
        </ErrorInfo>
      </Output>
    </UnitTestResult>
    <UnitTestResult executionId="d25e0054-87d5-4b50-8ab9-728a022222c1" testId="01f9d9e2-e029-eb84-bc8f-dff2e4a10d99" testName="TestMethod1" computerName="RIDOHP" duration="00:00:00.0002373" startTime="2011-05-15T20:38:35.0303480+02:00" endTime="2011-05-15T20:38:35.0303480+02:00" testType="13cdc9d9-ddb5-4fa4-a97d-d965ccfc6d4b" outcome="Passed" testListId="8c84fa94-04c1-424b-9868-57a2d4851a1d" relativeResultsDirectory="d25e0054-87d5-4b50-8ab9-728a022222c1">
      <Output>
        <StdOut>sample tracelog from ConsoleWriteLine</StdOut>
      </Output>
    </UnitTestResult>
    <UnitTestResult executionId="820cb0c9-3df3-4647-b6c9-acfe9e4fa30e" testId="92a33c82-5798-6f5e-b54d-dcaa3166981c" testName="TestMethod2" computerName="RIDOHP" duration="00:00:00.0002117" startTime="2011-05-15T20:38:35.0403480+02:00" endTime="2011-05-15T20:38:35.0403480+02:00" testType="13cdc9d9-ddb5-4fa4-a97d-d965ccfc6d4b" outcome="Passed" testListId="8c84fa94-04c1-424b-9868-57a2d4851a1d" relativeResultsDirectory="820cb0c9-3df3-4647-b6c9-acfe9e4fa30e">
      <Output>
        <DebugTrace>sample tracelog from Debug.Writeline
</DebugTrace>
      </Output>
    </UnitTestResult>
    <UnitTestResult executionId="ad32981a-dd8e-4d28-bcf8-17fa75ab6966" testId="c8de44c0-d407-4488-30ec-547ec1c8b19a" testName="TestMethod4" computerName="RIDOHP" duration="00:00:00.0006884" startTime="2011-05-15T20:38:35.0403480+02:00" endTime="2011-05-15T20:38:35.0403480+02:00" testType="13cdc9d9-ddb5-4fa4-a97d-d965ccfc6d4b" outcome="Inconclusive" testListId="8c84fa94-04c1-424b-9868-57a2d4851a1d" relativeResultsDirectory="ad32981a-dd8e-4d28-bcf8-17fa75ab6966">
      <Output>
        <ErrorInfo>
          <Message>Assert.Inconclusive failed. Inconclusive Message</Message>
          <StackTrace>   at trx2html.Test.SomeIgnored.TestMethod4() in d:\code\codeplex\trx2html\TRX2HTML Solution\SampleReport\SomeIgnored.cs:line 69
</StackTrace>
        </ErrorInfo>
      </Output>
    </UnitTestResult>
    <UnitTestResult executionId="0c849472-57a8-42c3-a098-168d9fe1769a" testId="1bbf2678-244a-4452-1867-91bdbb0fbdbe" testName="GetVersions" computerName="RIDOHP" duration="00:00:00.0282296" startTime="2011-05-15T20:38:35.0503480+02:00" endTime="2011-05-15T20:38:35.2903484+02:00" testType="13cdc9d9-ddb5-4fa4-a97d-d965ccfc6d4b" outcome="Passed" testListId="8c84fa94-04c1-424b-9868-57a2d4851a1d" relativeResultsDirectory="0c849472-57a8-42c3-a098-168d9fe1769a">
    </UnitTestResult>
    <UnitTestResult executionId="ae7df987-9d0b-422a-9bca-b9499eb39a2a" testId="9f44f878-4639-36af-1698-a05c27d3b2d8" testName="PlayWithLINQ" computerName="RIDOHP" duration="00:00:00.0096536" startTime="2011-05-15T20:38:35.3003484+02:00" endTime="2011-05-15T20:38:35.3103484+02:00" testType="13cdc9d9-ddb5-4fa4-a97d-d965ccfc6d4b" outcome="Passed" testListId="8c84fa94-04c1-424b-9868-57a2d4851a1d" relativeResultsDirectory="ae7df987-9d0b-422a-9bca-b9499eb39a2a">
      <Output>
        <StdOut>19
19
trx2html.Test.AllFailed, trx2html.Test, Version=0.0.4.0, Culture=neutral, PublicKeyToken=null
	 TestMethod3 TestMethodThatFailDescription
	 TestMethodFail TestMethodThatFailDescription
	 TestMethod2 TestMethodThatFailDescription
trx2html.Test.AllPassed, trx2html.Test, Version=0.0.4.0, Culture=neutral, PublicKeyToken=null
	 TestMethod1 TestMethod1Description
	 TestMethod3 TestMethod3Description
	 TestMethod2 TestMethod2Description
trx2html.Test.FailAndIgnored, trx2html.Test, Version=0.0.4.0, Culture=neutral, PublicKeyToken=null
	 TestMethodFail TestMethodThatFailsDescription
	 TestMethod4 TestMethodThatIsIconclusive
	 TestMethod5 TestMethodThatIsIconclusive
	 TestMethodFail2 TestMethodThatFailsDescription
	 TestMethod6 TestMethodThatIsIconclusive
trx2html.Test.ResourceReaderTest, trx2html.Test, Version=0.0.4.0, Culture=neutral, PublicKeyToken=null
	 StreamFromResourceTest 
	 LoadTextFromResourceTest 
trx2html.Test.SomeFailed, trx2html.Test, Version=0.0.4.0, Culture=neutral, PublicKeyToken=null
	 TestMethod2 TestMethodThatPassDescription
	 TestMethodFail TestMethodThatFailsDescription
	 TestMethod3 TestMethodThatFailDescription
trx2html.Test.SomeIgnored, trx2html.Test, Version=0.0.4.0, Culture=neutral, PublicKeyToken=null
	 TestMethod1 TestMethodThatPassDescription
	 TestMethod2 TestMethodThatPassDescription
	 TestMethod4 TestMethodThatIsIconclusive</StdOut>
      </Output>
    </UnitTestResult>
    <UnitTestResult executionId="2557ee61-4fe5-4e41-8a9e-22afe762d954" testId="ca29a9d8-04c0-5b5b-c341-408997b19829" testName="LoadTextFromResourceTest" computerName="RIDOHP" duration="00:00:00.0030833" startTime="2011-05-15T20:38:35.3103484+02:00" endTime="2011-05-15T20:38:35.3203484+02:00" testType="13cdc9d9-ddb5-4fa4-a97d-d965ccfc6d4b" outcome="Passed" testListId="8c84fa94-04c1-424b-9868-57a2d4851a1d" relativeResultsDirectory="2557ee61-4fe5-4e41-8a9e-22afe762d954">
    </UnitTestResult>
    <UnitTestResult executionId="48104d78-6b24-4759-8b74-82bf02944cb5" testId="92f2efb0-47b6-db8d-fb8f-fdb1003e07f5" testName="StreamFromResourceTest" computerName="RIDOHP" duration="00:00:00.0003932" startTime="2011-05-15T20:38:35.3203484+02:00" endTime="2011-05-15T20:38:35.3203484+02:00" testType="13cdc9d9-ddb5-4fa4-a97d-d965ccfc6d4b" outcome="Passed" testListId="8c84fa94-04c1-424b-9868-57a2d4851a1d" relativeResultsDirectory="48104d78-6b24-4759-8b74-82bf02944cb5">
    </UnitTestResult>
    <UnitTestResult executionId="028f7647-49d9-4b60-8d41-f9d094d69ad4" testId="f059cc5f-0a1b-cc7a-fe28-2a877f8590fd" testName="ParseVS10SampleFile" computerName="RIDOHP" duration="00:00:00.0332730" startTime="2011-05-15T20:38:35.3203484+02:00" endTime="2011-05-15T20:38:35.3603485+02:00" testType="13cdc9d9-ddb5-4fa4-a97d-d965ccfc6d4b" outcome="Failed" testListId="8c84fa94-04c1-424b-9868-57a2d4851a1d" relativeResultsDirectory="028f7647-49d9-4b60-8d41-f9d094d69ad4">
      <Output>
        <ErrorInfo>
          <Message>Assert.AreEqual failed. Expected:&lt;RIDOXPS\rido&gt;. Actual:&lt;ridoxps\rido&gt;. </Message>
          <StackTrace>   at trx2html.Test.V2.TrxParserTest.ParseVS10SampleFile() in D:\code\codeplex\trx2html\TRX2HTML Solution\trx2html.Test\V2\TrxParserTest.cs:line 24
</StackTrace>
        </ErrorInfo>
      </Output>
    </UnitTestResult>
    <UnitTestResult executionId="de8cf219-837c-47cf-a152-1fcf190bb1a2" testId="2fa09724-736e-1fa7-fd78-a641492fa3c7" testName="GroupedByClass" computerName="RIDOHP" duration="00:00:00.0054289" startTime="2011-05-15T20:38:35.3603485+02:00" endTime="2011-05-15T20:38:35.3703485+02:00" testType="13cdc9d9-ddb5-4fa4-a97d-d965ccfc6d4b" outcome="Passed" testListId="8c84fa94-04c1-424b-9868-57a2d4851a1d" relativeResultsDirectory="de8cf219-837c-47cf-a152-1fcf190bb1a2">
    </UnitTestResult>
    <UnitTestResult executionId="74d2729f-0a03-488c-862b-6d387295aa9f" testId="90753992-9937-ac77-2650-9ed523ddde2f" testName="GroupedByStatus" computerName="RIDOHP" duration="00:00:00.0045942" startTime="2011-05-15T20:38:35.3703485+02:00" endTime="2011-05-15T20:38:35.3803485+02:00" testType="13cdc9d9-ddb5-4fa4-a97d-d965ccfc6d4b" outcome="Passed" testListId="8c84fa94-04c1-424b-9868-57a2d4851a1d" relativeResultsDirectory="74d2729f-0a03-488c-862b-6d387295aa9f">
    </UnitTestResult>
    <UnitTestResult executionId="59872140-4e96-4b2f-914a-27c9d2db6b2a" testId="91a95244-8023-acf5-c17a-717772709309" testName="CreateHtmlFile" computerName="RIDOHP" duration="00:00:00.0276483" startTime="2011-05-15T20:38:35.3803485+02:00" endTime="2011-05-15T20:38:35.4103485+02:00" testType="13cdc9d9-ddb5-4fa4-a97d-d965ccfc6d4b" outcome="Passed" testListId="8c84fa94-04c1-424b-9868-57a2d4851a1d" relativeResultsDirectory="59872140-4e96-4b2f-914a-27c9d2db6b2a">
    </UnitTestResult>
  </Results>
</TestRun>