<?xml version="1.0" encoding="UTF-8"?>
<TestRun id="dbe1b464-3b4f-4184-9e58-bcae0bf99cc1" name="rido@RIDOHP 2011-05-18 09:59:29" runUser="RIDOHP\rido" xmlns="http://microsoft.com/schemas/VisualStudio/TeamTest/2010">
  <TestSettings name="LocalTest" id="9fe37118-0897-4290-a1cd-deb01c6a6767">
    <Description>These are default test settings for a local test run.</Description>
    <Deployment runDeploymentRoot="rido_RIDOHP 2011-05-18 09_59_29">
      <DeploymentItem filename="d:\code\zebra\MAIN\test\CTTI.MailMigration.UnitTests\bin\Debug\Microsoft.Exchange.WebServices.dll" />
      <DeploymentItem filename="d:\code\zebra\MAIN\test\CTTI.MailMigration.UnitTests\bin\Debug\Microsoft.Exchange.Data.dll" />
      <DeploymentItem filename="d:\code\zebra\MAIN\src\CTTI.MailMigration.Web\bin\CTTI.MailMigration.Web.dll" />
      <DeploymentItem filename="d:\code\zebra\MAIN\lib\Microsoft.Practices.Unity.dll" />
      <DeploymentItem filename="d:\code\zebra\MAIN\src\CTTI.MailMigration\bin\Debug\CTTI.MailMigration.dll" />
      <DeploymentItem filename="d:\code\zebra\MAIN\lib\Microsoft.Practices.ServiceLocation.dll" />
      <DeploymentItem filename="d:\code\zebra\MAIN\lib\Microsoft.Practices.EnterpriseLibrary.ExceptionHandling.dll" />
      <DeploymentItem filename="d:\code\zebra\MAIN\lib\IMAP4.Net.dll" />
      <DeploymentItem filename="d:\code\zebra\MAIN\test\CTTI.MailMigration.UnitTests\bin\Debug\Microsoft.Exchange.Net.dll" />
      <DeploymentItem filename="d:\code\zebra\MAIN\test\CTTI.MailMigration.UnitTests\bin\Debug\Microsoft.Exchange.Data.Directory.dll" />
      <DeploymentItem filename="d:\code\zebra\MAIN\lib\Microsoft.Exchange.MailboxReplicationService.dll" />
      <DeploymentItem filename="d:\code\zebra\MAIN\lib\Moq.dll" />
      <DeploymentItem filename="d:\code\zebra\MAIN\lib\Microsoft.Practices.EnterpriseLibrary.Common.dll" />
      <DeploymentItem filename="d:\code\zebra\MAIN\src\CTTI.MailMigration.Dal\bin\Debug\CTTI.MailMigration.Dal.dll" />
      <DeploymentItem filename="d:\code\zebra\MAIN\lib\Microsoft.Practices.Unity.Interception.dll" />
      <DeploymentItem filename="entlib.config" />
      <DeploymentItem filename="d:\code\zebra\MAIN\lib\Microsoft.Practices.EnterpriseLibrary.Logging.dll" />
      <DeploymentItem filename="d:\code\zebra\MAIN\test\CTTI.MailMigration.UnitTests\bin\Debug\Microsoft.Exchange.Common.dll" />
      <DeploymentItem filename="d:\code\zebra\MAIN\test\CTTI.MailMigration.UnitTests\bin\Debug\Microsoft.Practices.Unity.Configuration.dll" />
      <DeploymentItem filename="d:\code\zebra\MAIN\test\CTTI.MailMigration.UnitTests\bin\Debug\Microsoft.Exchange.Data.Common.dll" />
      <DeploymentItem filename="d:\code\zebra\MAIN\test\CTTI.MailMigration.UnitTests\bin\Debug\Microsoft.Exchange.MailboxReplicationService.Common.dll" />
      <DeploymentItem filename="d:\code\zebra\MAIN\lib\Microsoft.Practices.EnterpriseLibrary.ExceptionHandling.Logging.dll" />
    </Deployment>
    <Execution hostProcessPlatform="MSIL">
      <TestTypeSpecific>
        <UnitTestRunConfig testTypeId="13cdc9d9-ddb5-4fa4-a97d-d965ccfc6d4b">
          <AssemblyResolution>
            <TestDirectory useLoadContext="true" />
          </AssemblyResolution>
        </UnitTestRunConfig>
        <WebTestRunConfiguration testTypeId="4e7599fa-5ecb-43e9-a887-cd63cf72d207">
          <Browser name="Internet Explorer 7.0">
            <Headers>
              <Header name="User-Agent" value="Mozilla/4.0 (compatible; MSIE 7.0; Windows NT 5.1)" />
              <Header name="Accept" value="*/*" />
              <Header name="Accept-Language" value="{{$IEAcceptLanguage}}" />
              <Header name="Accept-Encoding" value="GZIP" />
            </Headers>
          </Browser>
        </WebTestRunConfiguration>
      </TestTypeSpecific>
      <AgentRule name="LocalMachineDefaultRole">
        <DataCollectors>
          <DataCollector uri="datacollector://microsoft/TraceDebugger/1.0" assemblyQualifiedName="Microsoft.VisualStudio.TraceCollector.TraceDebuggerDataCollector, Microsoft.VisualStudio.TraceCollector, Version=10.0.0.0, Culture=neutral, PublicKeyToken=b03f5f7f11d50a3a" friendlyName="IntelliTrace">
            <Configuration>
              <CollectionPlan xmlns="urn:schemas-microsoft-com:visualstudio:tracelog" LaunchType="CommandLine">
                <StartupInfo>
                  <LogFileName>
                  </LogFileName>
                  <LogFileDirectory useDefault="false">
                  </LogFileDirectory>
                  <MaximumLogFileSize>1600</MaximumLogFileSize>
                  <AllowedUsers />
                  <EnableCrossSession>false</EnableCrossSession>
                  <ContinueOnDiskFullException>true</ContinueOnDiskFullException>
                  <AttachOptions>None</AttachOptions>
                  <ClrAttachOptions>AttachFirst</ClrAttachOptions>
                  <DeleteLogOnExit>false</DeleteLogOnExit>
                  <DisconnectFromLoggerAfterConfiguration>false</DisconnectFromLoggerAfterConfiguration>
                  <DisableProbesForFuncevalInSuspend>false</DisableProbesForFuncevalInSuspend>
                  <DeleteLogOnClose>false</DeleteLogOnClose>
                </StartupInfo>
                <CheckpointOptions>
                  <ThreadCheckpoints>
                    <Mode>FixedEventRate</Mode>
                    <StartRate>30000</StartRate>
                  </ThreadCheckpoints>
                  <NotifyPointCheckpoints>
                    <Mode>FixedEventRate</Mode>
                    <StartRate>1000</StartRate>
                  </NotifyPointCheckpoints>
                </CheckpointOptions>
                <CollectorInfo>
                  <WorkerProcessList>
                    <Name>w3wp.exe</Name>
                  </WorkerProcessList>
                  <ApplicationPoolList isExclusionList="true">
                    <Name>Microsoft Team Foundation</Name>
                    <Name>Tswa</Name>
                  </ApplicationPoolList>
                  <ServicesToInstrument />
                  <Name>
                  </Name>
                  <ProcessId>0</ProcessId>
                  <ProcessCreationFileTime>0</ProcessCreationFileTime>
                  <InstrumentIIS>false</InstrumentIIS>
                  <RemoteInstrumentIIS>true</RemoteInstrumentIIS>
                </CollectorInfo>
                <TraceInstrumentation enabled="false">
                  <Options>PresetFull</Options>
                  <ModuleList isExclusionList="true">
                    <Name>PublicKeyToken:B77A5C561934E089</Name>
                    <Name>PublicKeyToken:B03F5F7F11D50A3A</Name>
                    <Name>PublicKeyToken:31BF3856AD364E35</Name>
                    <Name>PublicKeyToken:89845DCD8080CC91</Name>
                    <Name>PublicKeyToken:71E9BCE111E9429C</Name>
                    <Name>Microsoft.</Name>
                  </ModuleList>
                  <ProcessList isExclusionList="true">
                    <Name>devenv.exe</Name>
                    <Name>mtm.exe</Name>
                    <Name>TestAgentConfigUI.exe</Name>
                    <Name>TestControllerConfigUI.exe</Name>
                    <Name>DW20.exe</Name>
                    <Name>TFSMgmt.exe</Name>
                    <Name>TFSJobAgent.exe</Name>
                    <Name>TFSBuildServiceHost.exe</Name>
                  </ProcessList>
                </TraceInstrumentation>
                <DetourInstrumentation enabled="false">
                  <ModuleList isExclusionList="true" />
                  <ProcessList isExclusionList="true" />
                  <AppDomainList isExclusionList="true" />
                  <ModuleSpecifications />
                  <DetourSpecifications />
                </DetourInstrumentation>
                <CoverageInstrumentation enabled="false">
                  <MaximumConcurrentTestCount>32</MaximumConcurrentTestCount>
                  <ModuleList isExclusionList="true" />
                  <ProcessList isExclusionList="true" />
                </CoverageInstrumentation>
                <DiagnosticEventInstrumentation enabled="true">
                  <ModuleList isExclusionList="true" />
                  <ProcessList isExclusionList="true">
                    <Name>devenv.exe</Name>
                    <Name>mtm.exe</Name>
                    <Name>TestAgentConfigUI.exe</Name>
                    <Name>TestControllerConfigUI.exe</Name>
                    <Name>DW20.exe</Name>
                    <Name>TFSMgmt.exe</Name>
                    <Name>TFSJobAgent.exe</Name>
                    <Name>TFSBuildServiceHost.exe</Name>
                  </ProcessList>
                </DiagnosticEventInstrumentation>
                <WebRequestTrackingInstrumentation enabled="false">
                  <ProcessList isExclusionList="true">
                    <Name>devenv.exe</Name>
                    <Name>mtm.exe</Name>
                    <Name>TestAgentConfigUI.exe</Name>
                    <Name>TestControllerConfigUI.exe</Name>
                    <Name>DW20.exe</Name>
                    <Name>TFSMgmt.exe</Name>
                    <Name>TFSJobAgent.exe</Name>
                    <Name>TFSBuildServiceHost.exe</Name>
                  </ProcessList>
                </WebRequestTrackingInstrumentation>
                <TracePointProvider>
                  <Categories>
                    <Category Id="system.data" _locID="category.SystemData">ADO.NET</Category>
                    <Category Id="system.web" _locID="category.SystemWeb">ASP.NET</Category>
                    <Category Id="console" _locID="category.SystemConsole">Console</Category>
                    <Category Id="data.binding" _locID="category.DataBinding">Data Binding</Category>
                    <Category Id="environment.variables" _locID="category.SystemEnvironment">Environment Variables</Category>
                    <Category Id="file.access" _locID="category.FileAccess">File</Category>
                    <Category Id="gesture" _locID="category.Gesture">Gesture</Category>
                    <Category Id="lazy" _locID="category.Lazy">Lazy Initialization</Category>
                    <Category Id="registry.access" _locID="category.RegistryAccess">Registry</Category>
                    <Category Id="servicemodel" _locID="category.SystemServiceModel">ServiceModel</Category>
                    <Category Id="threading" _locID="category.Threading">Threading</Category>
                    <Category Id="tracing" _locID="category.Tracing">Tracing</Category>
                    <Category Id="user.prompt" _locID="category.UserPrompt">User Prompt</Category>
                    <Category Id="workflow" _locID="category.SystemActivities">Workflow</Category>
                    <Category Id="xml" _locID="category.SystemXml">XML</Category>
                  </Categories>
                  <ModuleSpecifications>
                    <ModuleSpecification Id="mscorlib" FrameworkVersion="" Version="" PublicKeyToken="" minVersion="" maxVersion="">mscorlib.dll</ModuleSpecification>
                    <ModuleSpecification Id="mscorlib2_only" FrameworkVersion="" Version="" PublicKeyToken="" minVersion="" maxVersion="2.0">mscorlib.dll</ModuleSpecification>
                    <ModuleSpecification Id="mscorlib4_plus" FrameworkVersion="" Version="" PublicKeyToken="" minVersion="4.0" maxVersion="">mscorlib.dll</ModuleSpecification>
                    <ModuleSpecification Id="presentationframework" FrameworkVersion="" Version="" PublicKeyToken="" minVersion="" maxVersion="">PresentationFramework.dll</ModuleSpecification>
                    <ModuleSpecification Id="system" FrameworkVersion="" Version="" PublicKeyToken="" minVersion="" maxVersion="">System.dll</ModuleSpecification>
                    <ModuleSpecification Id="system.activities4_plus" FrameworkVersion="" Version="" PublicKeyToken="" minVersion="4.0" maxVersion="">System.Activities.dll</ModuleSpecification>
                    <ModuleSpecification Id="system.data" FrameworkVersion="" Version="" PublicKeyToken="" minVersion="" maxVersion="">System.Data.dll</ModuleSpecification>
                    <ModuleSpecification Id="system.servicemodel" FrameworkVersion="" Version="" PublicKeyToken="" minVersion="" maxVersion="">System.ServiceModel.dll</ModuleSpecification>
                    <ModuleSpecification Id="system.web" FrameworkVersion="" Version="" PublicKeyToken="" minVersion="" maxVersion="">System.Web.dll</ModuleSpecification>
                    <ModuleSpecification Id="system.web2_only" FrameworkVersion="" Version="" PublicKeyToken="" minVersion="" maxVersion="2.0">System.Web.dll</ModuleSpecification>
                    <ModuleSpecification Id="winforms" FrameworkVersion="" Version="" PublicKeyToken="" minVersion="" maxVersion="">System.Windows.Forms.dll</ModuleSpecification>
                    <ModuleSpecification Id="system.xml" FrameworkVersion="" Version="" PublicKeyToken="" minVersion="" maxVersion="">System.Xml.dll</ModuleSpecification>
                  </ModuleSpecifications>
                  <DiagnosticEventSpecifications>
                    <DiagnosticEventSpecification enabled="true">
                      <Bindings>
                        <Binding onReturn="false">
                          <ModuleSpecificationId>system.data</ModuleSpecificationId>
                          <TypeName>System.Data.Odbc.OdbcCommand</TypeName>
                          <MethodName>ExecuteReader</MethodName>
                          <MethodId>System.Data.Odbc.OdbcCommand.ExecuteReader(System.Data.CommandBehavior):System.Data.Odbc.OdbcDataReader</MethodId>
                          <ShortDescription _locID="shortDescription.OdbcCommand.ExecuteReader">Execute Reader "{0}"</ShortDescription>
                          <LongDescription _locID="longDescription.OdbcCommand.ExecuteReader">The command text "{0}" was executed on connection "{1}", building an OdbcDataReader using one of the CommandBehavior values.</LongDescription>
                          <DataQueries>
                            <DataQuery index="0" maxSize="4096" type="String" _locID="dataquery.OdbcCommand.ExecuteReader.CommandText" _locAttrData="name" name="Command Text" query="_commandText" />
                            <DataQuery index="0" maxSize="256" type="String" _locID="dataquery.OdbcCommand.ExecuteReader.ConnectionString" _locAttrData="name" name="Connection String" query="_connection._userConnectionOptions._usersConnectionString" />
                          </DataQueries>
                          <ProgrammableDataQuery>
                            <ModuleName>
                            </ModuleName>
                            <TypeName>
                            </TypeName>
                          </ProgrammableDataQuery>
                        </Binding>
                      </Bindings>
                      <CategoryId>system.data</CategoryId>
                      <SettingsName _locID="settingsName.OdbcCommand.ExecuteReader">ExecuteReader (ODBCCommand)</SettingsName>
                      <SettingsDescription _locID="settingsDescription.OdbcCommand.ExecuteReader">Command text was executed, building an OdbcDataReader using one of the CommandBehavior values.</SettingsDescription>
                    </DiagnosticEventSpecification>
                    <DiagnosticEventSpecification enabled="true">
                      <Bindings>
                        <Binding onReturn="false">
                          <ModuleSpecificationId>system.data</ModuleSpecificationId>
                          <TypeName>System.Data.Odbc.OdbcCommand</TypeName>
                          <MethodName>ExecuteNonQuery</MethodName>
                          <MethodId>System.Data.Odbc.OdbcCommand.ExecuteNonQuery():System.Int32</MethodId>
                          <ShortDescription _locID="shortDescription.OdbcCommand.ExecuteNonQuery">Execute NonQuery "{0}"</ShortDescription>
                          <LongDescription _locID="longDescription.OdbcCommand.ExecuteNonQuery">The command text "{0}" was executed on connection "{1}", returning the number of rows affected.</LongDescription>
                          <DataQueries>
                            <DataQuery index="0" maxSize="4096" type="String" _locID="dataquery.OdbcCommand.ExecuteNonQuery.CommandText" _locAttrData="name" name="Command Text" query="_commandText" />
                            <DataQuery index="0" maxSize="256" type="String" _locID="dataquery.OdbcCommand.ExecuteNonQuery.ConnectionString" _locAttrData="name" name="Connection String" query="_connection._userConnectionOptions._usersConnectionString" />
                          </DataQueries>
                          <ProgrammableDataQuery>
                            <ModuleName>
                            </ModuleName>
                            <TypeName>
                            </TypeName>
                          </ProgrammableDataQuery>
                        </Binding>
                      </Bindings>
                      <CategoryId>system.data</CategoryId>
                      <SettingsName _locID="settingsName.OdbcCommand.ExecuteNonQuery">ExecuteNonQuery (ODBCCommand)</SettingsName>
                      <SettingsDescription _locID="settingsDescription.OdbcCommand.ExecuteNonQuery">Command text was executed, returning the number of rows affected.</SettingsDescription>
                    </DiagnosticEventSpecification>
                    <DiagnosticEventSpecification enabled="true">
                      <Bindings>
                        <Binding onReturn="false">
                          <ModuleSpecificationId>system.data</ModuleSpecificationId>
                          <TypeName>System.Data.Odbc.OdbcCommand</TypeName>
                          <MethodName>ExecuteScalar</MethodName>
                          <MethodId>System.Data.Odbc.OdbcCommand.ExecuteScalar():System.Object</MethodId>
                          <ShortDescription _locID="shortDescription.OdbcCommand.ExecuteScalar">Execute Scalar "{0}"</ShortDescription>
                          <LongDescription _locID="longDescription.OdbcCommand.ExecuteScalar">The command text "{0}" was executed on connection "{1}", returning the first column of the first row in the result set.</LongDescription>
                          <DataQueries>
                            <DataQuery index="0" maxSize="4096" type="String" _locID="dataquery.OdbcCommand.ExecuteScalar.CommandText" _locAttrData="name" name="Command Text" query="_commandText" />
                            <DataQuery index="0" maxSize="256" type="String" _locID="dataquery.OdbcCommand.ExecuteScalar.ConnectionString" _locAttrData="name" name="Connection String" query="_connection._userConnectionOptions._usersConnectionString" />
                          </DataQueries>
                          <ProgrammableDataQuery>
                            <ModuleName>
                            </ModuleName>
                            <TypeName>
                            </TypeName>
                          </ProgrammableDataQuery>
                        </Binding>
                      </Bindings>
                      <CategoryId>system.data</CategoryId>
                      <SettingsName _locID="settingsName.OdbcCommand.ExecuteScalar">ExecuteScalar (ODBCCommand)</SettingsName>
                      <SettingsDescription _locID="settingsDescription.OdbcCommand.ExecuteScalar">Command text was executed, returning the first column of the first row in the result set.</SettingsDescription>
                    </DiagnosticEventSpecification>
                    <DiagnosticEventSpecification enabled="true">
                      <Bindings>
                        <Binding onReturn="false">
                          <ModuleSpecificationId>system.data</ModuleSpecificationId>
                          <TypeName>System.Data.OleDb.OleDbCommand</TypeName>
                          <MethodName>ExecuteReader</MethodName>
                          <MethodId>System.Data.OleDb.OleDbCommand.ExecuteReader(System.Data.CommandBehavior):System.Data.OleDb.OleDbDataReader</MethodId>
                          <ShortDescription _locID="shortDescription.OleDbCommand.ExecuteReader">Execute Reader "{0}"</ShortDescription>
                          <LongDescription _locID="longDescription.OleDbCommand.ExecuteReader">The command text "{0}" was executed on connection "{1}", building an OleDbDataReader using one of the CommandBehavior values.</LongDescription>
                          <DataQueries>
                            <DataQuery index="0" maxSize="4096" type="String" _locID="dataquery.OleDbCommand.ExecuteReader.CommandText" _locAttrData="name" name="Command Text" query="_commandText" />
                            <DataQuery index="0" maxSize="256" type="String" _locID="dataquery.OleDbCommand.ExecuteReader.ConnectionString" _locAttrData="name" name="Connection String" query="_connection._userConnectionOptions._usersConnectionString" />
                          </DataQueries>
                          <ProgrammableDataQuery>
                            <ModuleName>
                            </ModuleName>
                            <TypeName>
                            </TypeName>
                          </ProgrammableDataQuery>
                        </Binding>
                      </Bindings>
                      <CategoryId>system.data</CategoryId>
                      <SettingsName _locID="settingsName.OleDbCommand.ExecuteReader">ExecuteReader (OLEDBCommand)</SettingsName>
                      <SettingsDescription _locID="settingsDescription.OleDbCommand.ExecuteReader">Command text was executed, building an OleDbDataReader using one of the CommandBehavior values.</SettingsDescription>
                    </DiagnosticEventSpecification>
                    <DiagnosticEventSpecification enabled="true">
                      <Bindings>
                        <Binding onReturn="false">
                          <ModuleSpecificationId>system.data</ModuleSpecificationId>
                          <TypeName>System.Data.OleDb.OleDbCommand</TypeName>
                          <MethodName>ExecuteNonQuery</MethodName>
                          <MethodId>System.Data.OleDb.OleDbCommand.ExecuteNonQuery():System.Int32</MethodId>
                          <ShortDescription _locID="shortDescription.OleDbCommand.ExecuteNonQuery">Execute NonQuery "{0}"</ShortDescription>
                          <LongDescription _locID="longDescription.OleDbCommand.ExecuteNonQuery">The command text "{0}" was executed on connection "{1}", returning the number of rows affected.</LongDescription>
                          <DataQueries>
                            <DataQuery index="0" maxSize="4096" type="String" _locID="dataquery.OleDbCommand.ExecuteNonQuery.CommandText" _locAttrData="name" name="Command Text" query="_commandText" />
                            <DataQuery index="0" maxSize="256" type="String" _locID="dataquery.OleDbCommand.ExecuteNonQuery.ConnectionString" _locAttrData="name" name="Connection String" query="_connection._userConnectionOptions._usersConnectionString" />
                          </DataQueries>
                          <ProgrammableDataQuery>
                            <ModuleName>
                            </ModuleName>
                            <TypeName>
                            </TypeName>
                          </ProgrammableDataQuery>
                        </Binding>
                      </Bindings>
                      <CategoryId>system.data</CategoryId>
                      <SettingsName _locID="settingsName.OleDbCommand.ExecuteNonQuery">ExecuteNonQuery (OLEDBCommand)</SettingsName>
                      <SettingsDescription _locID="settingsDescription.OleDbCommand.ExecuteNonQuery">Command text was executed, returning the number of rows affected.</SettingsDescription>
                    </DiagnosticEventSpecification>
                    <DiagnosticEventSpecification enabled="true">
                      <Bindings>
                        <Binding onReturn="false">
                          <ModuleSpecificationId>system.data</ModuleSpecificationId>
                          <TypeName>System.Data.OleDb.OleDbCommand</TypeName>
                          <MethodName>ExecuteScalar</MethodName>
                          <MethodId>System.Data.OleDb.OleDbCommand.ExecuteScalar():System.Object</MethodId>
                          <ShortDescription _locID="shortDescription.OleDbCommand.ExecuteScalar">Execute Scalar "{0}"</ShortDescription>
                          <LongDescription _locID="longDescription.OleDbCommand.ExecuteScalar">The command text "{0}" was executed on connection "{1}", returning the first column of the first row in the result set.</LongDescription>
                          <DataQueries>
                            <DataQuery index="0" maxSize="4096" type="String" _locID="dataquery.OleDbCommand.ExecuteScalar.CommandText" _locAttrData="name" name="Command Text" query="_commandText" />
                            <DataQuery index="0" maxSize="256" type="String" _locID="dataquery.OleDbCommand.ExecuteScalar.ConnectionString" _locAttrData="name" name="Connection String" query="_connection._userConnectionOptions._usersConnectionString" />
                          </DataQueries>
                          <ProgrammableDataQuery>
                            <ModuleName>
                            </ModuleName>
                            <TypeName>
                            </TypeName>
                          </ProgrammableDataQuery>
                        </Binding>
                      </Bindings>
                      <CategoryId>system.data</CategoryId>
                      <SettingsName _locID="settingsName.OleDbCommand.ExecuteScalar">ExecuteScalar (OLEDBCommand)</SettingsName>
                      <SettingsDescription _locID="settingsDescription.OleDbCommand.ExecuteScalar">Command text was executed, returning the first column of the first row in the result set.</SettingsDescription>
                    </DiagnosticEventSpecification>
                    <DiagnosticEventSpecification enabled="true">
                      <Bindings>
                        <Binding onReturn="false">
                          <ModuleSpecificationId>system.data</ModuleSpecificationId>
                          <TypeName>System.Data.SqlClient.SqlCommand</TypeName>
                          <MethodName>ExecuteReader</MethodName>
                          <MethodId>System.Data.SqlClient.SqlCommand.ExecuteReader(System.Data.CommandBehavior,System.String):System.Data.SqlClient.SqlDataReader</MethodId>
                          <ShortDescription _locID="shortDescription.SqlCommand.ExecuteReader">Execute Reader "{0}"</ShortDescription>
                          <LongDescription _locID="longDescription.SqlCommand.ExecuteReader">The command text "{0}" was executed on connection "{1}", building a SqlDataReader.</LongDescription>
                          <DataQueries>
                            <DataQuery index="0" maxSize="4096" type="String" _locID="dataquery.SqlCommand.ExecuteReader.CommandText" _locAttrData="name" name="Command Text" query="_commandText" />
                            <DataQuery index="0" maxSize="256" type="String" _locID="dataquery.SqlCommand.ExecuteReader.ConnectionString" _locAttrData="name" name="Connection String" query="_activeConnection._userConnectionOptions._usersConnectionString" />
                          </DataQueries>
                          <ProgrammableDataQuery>
                            <ModuleName>
                            </ModuleName>
                            <TypeName>
                            </TypeName>
                          </ProgrammableDataQuery>
                        </Binding>
                      </Bindings>
                      <CategoryId>system.data</CategoryId>
                      <SettingsName _locID="settingsName.SqlCommand.ExecuteReader">ExecuteReader (SQLCommand)</SettingsName>
                      <SettingsDescription _locID="settingsDescription.SqlCommand.ExecuteReader">Command text was executed, building a SqlDataReader.</SettingsDescription>
                    </DiagnosticEventSpecification>
                    <DiagnosticEventSpecification enabled="true">
                      <Bindings>
                        <Binding onReturn="false">
                          <ModuleSpecificationId>system.data</ModuleSpecificationId>
                          <TypeName>System.Data.SqlClient.SqlCommand</TypeName>
                          <MethodName>ExecuteNonQuery</MethodName>
                          <MethodId>System.Data.SqlClient.SqlCommand.ExecuteNonQuery():System.Int32</MethodId>
                          <ShortDescription _locID="shortDescription.SqlCommand.ExecuteNonQuery">Execute NonQuery "{0}"</ShortDescription>
                          <LongDescription _locID="longDescription.SqlCommand.ExecuteNonQuery">The command text "{0}" was executed on connection "{1}", returning the number of rows affected.</LongDescription>
                          <DataQueries>
                            <DataQuery index="0" maxSize="4096" type="String" _locID="dataquery.SqlCommand.ExecuteNonQuery.CommandText" _locAttrData="name" name="Command Text" query="_commandText" />
                            <DataQuery index="0" maxSize="256" type="String" _locID="dataquery.SqlCommand.ExecuteNonQuery.ConnectionString" _locAttrData="name" name="Connection String" query="_activeConnection._userConnectionOptions._usersConnectionString" />
                          </DataQueries>
                          <ProgrammableDataQuery>
                            <ModuleName>
                            </ModuleName>
                            <TypeName>
                            </TypeName>
                          </ProgrammableDataQuery>
                        </Binding>
                      </Bindings>
                      <CategoryId>system.data</CategoryId>
                      <SettingsName _locID="settingsName.SqlCommand.ExecuteNonQuery">ExecuteNonQuery (SQLCommand)</SettingsName>
                      <SettingsDescription _locID="settingsDescription.SqlCommand.ExecuteNonQuery">Command text was executed, returning the number of rows affected.</SettingsDescription>
                    </DiagnosticEventSpecification>
                    <DiagnosticEventSpecification enabled="true">
                      <Bindings>
                        <Binding onReturn="false">
                          <ModuleSpecificationId>system.data</ModuleSpecificationId>
                          <TypeName>System.Data.SqlClient.SqlCommand</TypeName>
                          <MethodName>ExecuteScalar</MethodName>
                          <MethodId>System.Data.SqlClient.SqlCommand.ExecuteScalar():System.Object</MethodId>
                          <ShortDescription _locID="shortDescription.SqlCommand.ExecuteScalar">Execute Scalar "{0}"</ShortDescription>
                          <LongDescription _locID="longDescription.SqlCommand.ExecuteScalar">The command text "{0}" was executed on connection "{1}", returning the first column of the first row in the result set.</LongDescription>
                          <DataQueries>
                            <DataQuery index="0" maxSize="4096" type="String" _locID="dataquery.SqlCommand.ExecuteScalar.CommandText" _locAttrData="name" name="Command Text" query="_commandText" />
                            <DataQuery index="0" maxSize="256" type="String" _locID="dataquery.SqlCommand.ExecuteScalar.ConnectionString" _locAttrData="name" name="Connection String" query="_activeConnection._userConnectionOptions._usersConnectionString" />
                          </DataQueries>
                          <ProgrammableDataQuery>
                            <ModuleName>
                            </ModuleName>
                            <TypeName>
                            </TypeName>
                          </ProgrammableDataQuery>
                        </Binding>
                      </Bindings>
                      <CategoryId>system.data</CategoryId>
                      <SettingsName _locID="settingsName.SqlCommand.ExecuteScalar">ExecuteScalar (SQLCommand)</SettingsName>
                      <SettingsDescription _locID="settingsDescription.SqlCommand.ExecuteScalar">Command text was executed, returning the first column of the first row in the result set.</SettingsDescription>
                    </DiagnosticEventSpecification>
                    <DiagnosticEventSpecification enabled="true">
                      <Bindings>
                        <Binding onReturn="false">
                          <ModuleSpecificationId>system.data</ModuleSpecificationId>
                          <TypeName>System.Data.SqlClient.SqlCommand</TypeName>
                          <MethodName>ExecuteXmlReader</MethodName>
                          <MethodId>System.Data.SqlClient.SqlCommand.ExecuteXmlReader():System.Xml.XmlReader</MethodId>
                          <ShortDescription _locID="shortDescription.SqlCommand.ExecuteXmlReader">Execute XmlReader "{0}"</ShortDescription>
                          <LongDescription _locID="longDescription.SqlCommand.ExecuteXmlReader">The command text "{0}" was executed on connection "{1}", building an XmlReader.</LongDescription>
                          <DataQueries>
                            <DataQuery index="0" maxSize="4096" type="String" _locID="dataquery.SqlCommand.ExecuteXmlReader.CommandText" _locAttrData="name" name="Command Text" query="_commandText" />
                            <DataQuery index="0" maxSize="256" type="String" _locID="dataquery.SqlCommand.ExecuteXmlReader.ConnectionString" _locAttrData="name" name="Connection String" query="_activeConnection._userConnectionOptions._usersConnectionString" />
                          </DataQueries>
                          <ProgrammableDataQuery>
                            <ModuleName>
                            </ModuleName>
                            <TypeName>
                            </TypeName>
                          </ProgrammableDataQuery>
                        </Binding>
                      </Bindings>
                      <CategoryId>system.data</CategoryId>
                      <SettingsName _locID="settingsName.SqlCommand.ExecuteXmlReader">ExecuteXmlReader (SQLCommand)</SettingsName>
                      <SettingsDescription _locID="settingsDescription.SqlCommand.ExecuteXmlReader">Command text was executed, building an XmlReader.</SettingsDescription>
                    </DiagnosticEventSpecification>
                    <DiagnosticEventSpecification enabled="true">
                      <Bindings>
                        <Binding onReturn="true">
                          <ModuleSpecificationId>system.web</ModuleSpecificationId>
                          <TypeName>System.Web.ErrorFormatter</TypeName>
                          <MethodName>GetHtmlErrorMessage</MethodName>
                          <MethodId>System.Web.ErrorFormatter.GetHtmlErrorMessage(System.Boolean):System.String</MethodId>
                          <ShortDescription _locID="shortDescription.ErrorFormatter.GetHtmlErrorMessage.return">Error Page</ShortDescription>
                          <LongDescription _locID="longDescription.ErrorFormatter.GetHtmlErrorMessage.return">An HTML error occurred.  To view the error page, use the HTML Visualizer in the Autos window.  If the error was caused by an exception, the exception precedes this event in the IntelliTrace window.</LongDescription>
                          <DataQueries>
                            <DataQuery index="-1" maxSize="32000" type="String" _locID="dataquery.ErrorFormatter.GetHtmlErrorMessage.return.ErrorMessage" _locAttrData="name" name="ErrorMessage" query="" />
                          </DataQueries>
                          <ProgrammableDataQuery>
                            <ModuleName>
                            </ModuleName>
                            <TypeName>
                            </TypeName>
                          </ProgrammableDataQuery>
                        </Binding>
                      </Bindings>
                      <CategoryId>system.web</CategoryId>
                      <SettingsName _locID="settingsName.ErrorFormatter.GetHtmlErrorMessage.return">Error Page</SettingsName>
                      <SettingsDescription _locID="settingsDescription.ErrorFormatter.GetHtmlErrorMessage.return">An error page was returned to the client.</SettingsDescription>
                    </DiagnosticEventSpecification>
                    <DiagnosticEventSpecification enabled="true">
                      <Bindings>
                        <Binding onReturn="false">
                          <ModuleSpecificationId>system.web</ModuleSpecificationId>
                          <TypeName>System.Web.HttpApplication</TypeName>
                          <MethodName>System.Web.IHttpAsyncHandler.BeginProcessRequest</MethodName>
                          <MethodId>System.Web.HttpApplication.System.Web.IHttpAsyncHandler.BeginProcessRequest(System.Web.HttpContext,System.AsyncCallback,System.Object):System.IAsyncResult</MethodId>
                          <ShortDescription _locID="shortDescription.HttpApplication.System.Web.IHttpAsyncHandler.BeginProcessRequest">{0} "{1}"</ShortDescription>
                          <LongDescription _locID="longDescription.HttpApplication.System.Web.IHttpAsyncHandler.BeginProcessRequest">Asynchronous call to an HTTP handler initialized.</LongDescription>
                          <DataQueries>
                            <DataQuery index="1" maxSize="256" type="String" _locID="dataquery.HttpApplication.System.Web.IHttpAsyncHandler.BeginProcessRequest.RequestHTTPMethod" _locAttrData="name" name="Request HTTP Method" query="_request._httpMethod" />
                            <DataQuery index="1" maxSize="256" type="String" _locID="dataquery.HttpApplication.System.Web.IHttpAsyncHandler.BeginProcessRequest.Requestfilepath" _locAttrData="name" name="Request file path" query="_request._clientFilePath._virtualPath" />
                          </DataQueries>
                          <ProgrammableDataQuery>
                            <ModuleName>
                            </ModuleName>
                            <TypeName>
                            </TypeName>
                          </ProgrammableDataQuery>
                        </Binding>
                      </Bindings>
                      <CategoryId>system.web</CategoryId>
                      <SettingsName _locID="settingsName.HttpApplication.System.Web.IHttpAsyncHandler.BeginProcessRequest">Process Request (ASP.NET Development Server)</SettingsName>
                      <SettingsDescription _locID="settingsDescription.HttpApplication.System.Web.IHttpAsyncHandler.BeginProcessRequest">Asynchronous call to an HTTP handler initialized.</SettingsDescription>
                    </DiagnosticEventSpecification>
                    <DiagnosticEventSpecification enabled="true">
                      <Bindings>
                        <Binding onReturn="false">
                          <ModuleSpecificationId>system.web</ModuleSpecificationId>
                          <TypeName>System.Web.HttpApplication</TypeName>
                          <MethodName>BeginProcessRequestNotification</MethodName>
                          <MethodId>System.Web.HttpApplication.BeginProcessRequestNotification(System.Web.HttpContext,System.AsyncCallback):System.IAsyncResult</MethodId>
                          <ShortDescription _locID="shortDescription.HttpApplication.BeginProcessRequestNotification">{0} "{1}"</ShortDescription>
                          <LongDescription _locID="longDescription.HttpApplication.BeginProcessRequestNotification">Asynchronous call to an HTTP handler initialized.</LongDescription>
                          <DataQueries>
                            <DataQuery index="1" maxSize="256" type="String" _locID="dataquery.HttpApplication.BeginProcessRequestNotification.RequestHTTPMethod" _locAttrData="name" name="Request HTTP Method" query="_request._httpMethod" />
                            <DataQuery index="1" maxSize="256" type="String" _locID="dataquery.HttpApplication.BeginProcessRequestNotification.Requestfilepath" _locAttrData="name" name="Request file path" query="_request._clientFilePath._virtualPath" />
                          </DataQueries>
                          <ProgrammableDataQuery>
                            <ModuleName>
                            </ModuleName>
                            <TypeName>
                            </TypeName>
                          </ProgrammableDataQuery>
                        </Binding>
                      </Bindings>
                      <CategoryId>system.web</CategoryId>
                      <SettingsName _locID="settingsName.HttpApplication.BeginProcessRequestNotification">Process Request (IIS)</SettingsName>
                      <SettingsDescription _locID="settingsDescription.HttpApplication.BeginProcessRequestNotification">Asynchronous call to an HTTP handler initialized.</SettingsDescription>
                    </DiagnosticEventSpecification>
                    <DiagnosticEventSpecification enabled="true">
                      <Bindings>
                        <Binding onReturn="false">
                          <ModuleSpecificationId>system.web</ModuleSpecificationId>
                          <TypeName>System.Web.UI.Page</TypeName>
                          <MethodName>RaisePostBackEvent</MethodName>
                          <MethodId>System.Web.UI.Page.RaisePostBackEvent(System.Collections.Specialized.NameValueCollection):System.Void</MethodId>
                          <ShortDescription _locID="">
                          </ShortDescription>
                          <LongDescription _locID="">
                          </LongDescription>
                          <DataQueries />
                          <ProgrammableDataQuery>
                            <ModuleName>Microsoft.VisualStudio.DefaultDataQueries.dll</ModuleName>
                            <TypeName>Microsoft.VisualStudio.DataQueries.Webforms.Page.OnPostBackDataQuery</TypeName>
                          </ProgrammableDataQuery>
                        </Binding>
                      </Bindings>
                      <CategoryId>system.web</CategoryId>
                      <SettingsName _locID="settingsName.Page.RaisePostBackEvent">Page Post Back Event</SettingsName>
                      <SettingsDescription _locID="settingsDescription.Page.RaisePostBackEvent">A postback event was raised for an ASP.NET page.</SettingsDescription>
                    </DiagnosticEventSpecification>
                    <DiagnosticEventSpecification enabled="true">
                      <Bindings>
                        <Binding onReturn="false">
                          <ModuleSpecificationId>system.web2_only</ModuleSpecificationId>
                          <TypeName>System.Web.HttpResponse</TypeName>
                          <MethodName>Redirect</MethodName>
                          <MethodId>System.Web.HttpResponse.Redirect(System.String,System.Boolean):System.Void</MethodId>
                          <ShortDescription _locID="shortDescription.HttpResponse.Redirect.1">Redirect to "{0}"</ShortDescription>
                          <LongDescription _locID="longDescription.HttpResponse.Redirect.1">Redirection to the new URL "{0}".</LongDescription>
                          <DataQueries>
                            <DataQuery index="1" maxSize="256" type="String" _locID="dataquery.HttpResponse.Redirect.1.url" _locAttrData="name" name="url" query="" />
                            <DataQuery index="2" maxSize="0" type="Boolean" _locID="dataquery.HttpResponse.Redirect.1.endResponse" _locAttrData="name" name="endResponse" query="" />
                          </DataQueries>
                          <ProgrammableDataQuery>
                            <ModuleName>
                            </ModuleName>
                            <TypeName>
                            </TypeName>
                          </ProgrammableDataQuery>
                        </Binding>
                        <Binding onReturn="false">
                          <ModuleSpecificationId>system.web</ModuleSpecificationId>
                          <TypeName>System.Web.HttpResponse</TypeName>
                          <MethodName>Redirect</MethodName>
                          <MethodId>System.Web.HttpResponse.Redirect(System.String,System.Boolean,System.Boolean):System.Void</MethodId>
                          <ShortDescription _locID="shortDescription.HttpResponse.Redirect.2">Redirect to "{0}"</ShortDescription>
                          <LongDescription _locID="longDescription.HttpResponse.Redirect.2">Redirection to the new URL "{0}".</LongDescription>
                          <DataQueries>
                            <DataQuery index="1" maxSize="256" type="String" _locID="dataquery.HttpResponse.Redirect.2.url" _locAttrData="name" name="url" query="" />
                            <DataQuery index="2" maxSize="0" type="Boolean" _locID="dataquery.HttpResponse.Redirect.2.endResponse" _locAttrData="name" name="endResponse" query="" />
                            <DataQuery index="3" maxSize="0" type="Boolean" _locID="dataquery.HttpResponse.Redirect.2.permanent" _locAttrData="name" name="permanent" query="" />
                          </DataQueries>
                          <ProgrammableDataQuery>
                            <ModuleName>
                            </ModuleName>
                            <TypeName>
                            </TypeName>
                          </ProgrammableDataQuery>
                        </Binding>
                      </Bindings>
                      <CategoryId>system.web</CategoryId>
                      <SettingsName _locID="settingsName.HttpResponse.Redirect">Redirect</SettingsName>
                      <SettingsDescription _locID="settingsDescription.HttpResponse.Redirect">Redirection to a new URL.</SettingsDescription>
                    </DiagnosticEventSpecification>
                    <DiagnosticEventSpecification enabled="true">
                      <Bindings>
                        <Binding onReturn="false">
                          <ModuleSpecificationId>system.web</ModuleSpecificationId>
                          <TypeName>System.Web.UI.Page</TypeName>
                          <MethodName>OnSaveStateComplete</MethodName>
                          <MethodId>System.Web.UI.Page.OnSaveStateComplete(System.EventArgs):System.Void</MethodId>
                          <ShortDescription _locID="">
                          </ShortDescription>
                          <LongDescription _locID="">
                          </LongDescription>
                          <DataQueries />
                          <ProgrammableDataQuery>
                            <ModuleName>Microsoft.VisualStudio.DefaultDataQueries.dll</ModuleName>
                            <TypeName>Microsoft.VisualStudio.DataQueries.Webforms.Page.OnSaveStateCompleteDataQuery</TypeName>
                          </ProgrammableDataQuery>
                        </Binding>
                      </Bindings>
                      <CategoryId>system.web</CategoryId>
                      <SettingsName _locID="settingsName.Page.OnSaveStateComplete">Page Save State Completed</SettingsName>
                      <SettingsDescription _locID="settingsDescription.Page.OnSaveStateComplete">Page state has been saved for an ASP.NET page.</SettingsDescription>
                    </DiagnosticEventSpecification>
                    <DiagnosticEventSpecification enabled="false">
                      <Bindings>
                        <Binding onReturn="false">
                          <ModuleSpecificationId>mscorlib</ModuleSpecificationId>
                          <TypeName>System.Console</TypeName>
                          <MethodName>WriteLine</MethodName>
                          <MethodId>System.Console.WriteLine(System.Boolean):System.Void</MethodId>
                          <ShortDescription _locID="shortDescription.Console.WriteLine.Boolean">"{0}"</ShortDescription>
                          <LongDescription _locID="longDescription.Console.WriteLine.Boolean">Console Output "{0}".</LongDescription>
                          <DataQueries>
                            <DataQuery index="0" maxSize="0" type="Boolean" _locID="dataquery.WriteLine.Boolean" _locAttrData="name" name="value" query="" />
                          </DataQueries>
                          <ProgrammableDataQuery>
                            <ModuleName>
                            </ModuleName>
                            <TypeName>
                            </TypeName>
                          </ProgrammableDataQuery>
                        </Binding>
                      </Bindings>
                      <CategoryId>console</CategoryId>
                      <SettingsName _locID="settingsName.Console.WriteLine.Boolean">WriteLine (Boolean)</SettingsName>
                      <SettingsDescription _locID="settingsDescription.Console.WriteLine.Boolean">Console Output with a Boolean passed in.</SettingsDescription>
                    </DiagnosticEventSpecification>
                    <DiagnosticEventSpecification enabled="false">
                      <Bindings>
                        <Binding onReturn="false">
                          <ModuleSpecificationId>mscorlib</ModuleSpecificationId>
                          <TypeName>System.Console</TypeName>
                          <MethodName>WriteLine</MethodName>
                          <MethodId>System.Console.WriteLine(System.Char):System.Void</MethodId>
                          <ShortDescription _locID="shortDescription.Console.WriteLine.Char">"{0}"</ShortDescription>
                          <LongDescription _locID="longDescription.Console.WriteLine.Char">Console Output "{0}".</LongDescription>
                          <DataQueries>
                            <DataQuery index="0" maxSize="0" type="Char" _locID="dataquery.WriteLine.Char" _locAttrData="name" name="value" query="" />
                          </DataQueries>
                          <ProgrammableDataQuery>
                            <ModuleName>
                            </ModuleName>
                            <TypeName>
                            </TypeName>
                          </ProgrammableDataQuery>
                        </Binding>
                      </Bindings>
                      <CategoryId>console</CategoryId>
                      <SettingsName _locID="settingsName.Console.WriteLine.Char">WriteLine (Char)</SettingsName>
                      <SettingsDescription _locID="settingsDescription.Console.WriteLine.Char">Console Output with a Char passed in.</SettingsDescription>
                    </DiagnosticEventSpecification>
                    <DiagnosticEventSpecification enabled="false">
                      <Bindings>
                        <Binding onReturn="false">
                          <ModuleSpecificationId>mscorlib</ModuleSpecificationId>
                          <TypeName>System.Console</TypeName>
                          <MethodName>WriteLine</MethodName>
                          <MethodId>System.Console.WriteLine(System.Char[]):System.Void</MethodId>
                          <ShortDescription _locID="">
                          </ShortDescription>
                          <LongDescription _locID="">
                          </LongDescription>
                          <DataQueries />
                          <ProgrammableDataQuery>
                            <ModuleName>Microsoft.VisualStudio.DefaultDataQueries.dll</ModuleName>
                            <TypeName>Microsoft.VisualStudio.DataQueries.Console.Output.WriteLineCharArrayDataQuery</TypeName>
                          </ProgrammableDataQuery>
                        </Binding>
                      </Bindings>
                      <CategoryId>console</CategoryId>
                      <SettingsName _locID="settingsName.Console.WriteLine.CharArr">WriteLine (Char[])</SettingsName>
                      <SettingsDescription _locID="settingsDescription.Console.WriteLine.CharArr">Console Output with a Char[] passed in.</SettingsDescription>
                    </DiagnosticEventSpecification>
                    <DiagnosticEventSpecification enabled="false">
                      <Bindings>
                        <Binding onReturn="false">
                          <ModuleSpecificationId>mscorlib</ModuleSpecificationId>
                          <TypeName>System.Console</TypeName>
                          <MethodName>WriteLine</MethodName>
                          <MethodId>System.Console.WriteLine(System.Double):System.Void</MethodId>
                          <ShortDescription _locID="shortDescription.Console.WriteLine.Double">"{0}"</ShortDescription>
                          <LongDescription _locID="longDescription.Console.WriteLine.Double">Console Output "{0}".</LongDescription>
                          <DataQueries>
                            <DataQuery index="0" maxSize="0" type="Double" _locID="dataquery.WriteLine.Double" _locAttrData="name" name="value" query="" />
                          </DataQueries>
                          <ProgrammableDataQuery>
                            <ModuleName>
                            </ModuleName>
                            <TypeName>
                            </TypeName>
                          </ProgrammableDataQuery>
                        </Binding>
                      </Bindings>
                      <CategoryId>console</CategoryId>
                      <SettingsName _locID="settingsName.Console.WriteLine.Double">WriteLine (Double)</SettingsName>
                      <SettingsDescription _locID="settingsDescription.Console.WriteLine.Double">Console Output with a Double passed in.</SettingsDescription>
                    </DiagnosticEventSpecification>
                    <DiagnosticEventSpecification enabled="false">
                      <Bindings>
                        <Binding onReturn="false">
                          <ModuleSpecificationId>mscorlib</ModuleSpecificationId>
                          <TypeName>System.Console</TypeName>
                          <MethodName>WriteLine</MethodName>
                          <MethodId>System.Console.WriteLine(System.Int32):System.Void</MethodId>
                          <ShortDescription _locID="shortDescription.Console.WriteLine.Int32">"{0}"</ShortDescription>
                          <LongDescription _locID="longDescription.Console.WriteLine.Int32">Console Output "{0}".</LongDescription>
                          <DataQueries>
                            <DataQuery index="0" maxSize="0" type="Int32" _locID="dataquery.WriteLine.Int32" _locAttrData="name" name="value" query="" />
                          </DataQueries>
                          <ProgrammableDataQuery>
                            <ModuleName>
                            </ModuleName>
                            <TypeName>
                            </TypeName>
                          </ProgrammableDataQuery>
                        </Binding>
                      </Bindings>
                      <CategoryId>console</CategoryId>
                      <SettingsName _locID="settingsName.Console.WriteLine.Int32">WriteLine (Int32)</SettingsName>
                      <SettingsDescription _locID="settingsDescription.Console.WriteLine.Int32">Console Output with an Int32 passed in.</SettingsDescription>
                    </DiagnosticEventSpecification>
                    <DiagnosticEventSpecification enabled="false">
                      <Bindings>
                        <Binding onReturn="false">
                          <ModuleSpecificationId>mscorlib</ModuleSpecificationId>
                          <TypeName>System.Console</TypeName>
                          <MethodName>WriteLine</MethodName>
                          <MethodId>System.Console.WriteLine(System.Int64):System.Void</MethodId>
                          <ShortDescription _locID="shortDescription.Console.WriteLine.Int64">"{0}"</ShortDescription>
                          <LongDescription _locID="longDescription.Console.WriteLine.Int64">Console Output "{0}".</LongDescription>
                          <DataQueries>
                            <DataQuery index="0" maxSize="0" type="Int64" _locID="dataquery.WriteLine.Int64" _locAttrData="name" name="value" query="" />
                          </DataQueries>
                          <ProgrammableDataQuery>
                            <ModuleName>
                            </ModuleName>
                            <TypeName>
                            </TypeName>
                          </ProgrammableDataQuery>
                        </Binding>
                      </Bindings>
                      <CategoryId>console</CategoryId>
                      <SettingsName _locID="settingsName.Console.WriteLine.Int64">WriteLine (Int64)</SettingsName>
                      <SettingsDescription _locID="settingsDescription.Console.WriteLine.Int64">Console Output with an Int64 passed in.</SettingsDescription>
                    </DiagnosticEventSpecification>
                    <DiagnosticEventSpecification enabled="false">
                      <Bindings>
                        <Binding onReturn="false">
                          <ModuleSpecificationId>mscorlib</ModuleSpecificationId>
                          <TypeName>System.Console</TypeName>
                          <MethodName>WriteLine</MethodName>
                          <MethodId>System.Console.WriteLine(System.Object):System.Void</MethodId>
                          <ShortDescription _locID="">
                          </ShortDescription>
                          <LongDescription _locID="">
                          </LongDescription>
                          <DataQueries />
                          <ProgrammableDataQuery>
                            <ModuleName>Microsoft.VisualStudio.DefaultDataQueries.dll</ModuleName>
                            <TypeName>Microsoft.VisualStudio.DataQueries.Console.Output.WriteLineDataQuery</TypeName>
                          </ProgrammableDataQuery>
                        </Binding>
                      </Bindings>
                      <CategoryId>console</CategoryId>
                      <SettingsName _locID="settingsName.Console.WriteLine.Object">WriteLine (Object)</SettingsName>
                      <SettingsDescription _locID="settingsDescription.Console.WriteLine.Object">Console Output with an Object passed in.</SettingsDescription>
                    </DiagnosticEventSpecification>
                    <DiagnosticEventSpecification enabled="false">
                      <Bindings>
                        <Binding onReturn="false">
                          <ModuleSpecificationId>mscorlib</ModuleSpecificationId>
                          <TypeName>System.Console</TypeName>
                          <MethodName>WriteLine</MethodName>
                          <MethodId>System.Console.WriteLine(System.Single):System.Void</MethodId>
                          <ShortDescription _locID="shortDescription.Console.WriteLine.Single">"{0}"</ShortDescription>
                          <LongDescription _locID="longDescription.Console.WriteLine.Single">Console Output "{0}".</LongDescription>
                          <DataQueries>
                            <DataQuery index="0" maxSize="0" type="Single" _locID="dataquery.WriteLine.Single" _locAttrData="name" name="value" query="" />
                          </DataQueries>
                          <ProgrammableDataQuery>
                            <ModuleName>
                            </ModuleName>
                            <TypeName>
                            </TypeName>
                          </ProgrammableDataQuery>
                        </Binding>
                      </Bindings>
                      <CategoryId>console</CategoryId>
                      <SettingsName _locID="settingsName.Console.WriteLine.Single">WriteLine (Single)</SettingsName>
                      <SettingsDescription _locID="settingsDescription.Console.WriteLine.Single">Console Output with a Single passed in.</SettingsDescription>
                    </DiagnosticEventSpecification>
                    <DiagnosticEventSpecification enabled="false">
                      <Bindings>
                        <Binding onReturn="false">
                          <ModuleSpecificationId>mscorlib</ModuleSpecificationId>
                          <TypeName>System.Console</TypeName>
                          <MethodName>WriteLine</MethodName>
                          <MethodId>System.Console.WriteLine(System.UInt32):System.Void</MethodId>
                          <ShortDescription _locID="shortDescription.Console.WriteLine.UInt32">"{0}"</ShortDescription>
                          <LongDescription _locID="longDescription.Console.WriteLine.UInt32">Console Output "{0}".</LongDescription>
                          <DataQueries>
                            <DataQuery index="0" maxSize="0" type="UInt32" _locID="dataquery.WriteLine.UInt32" _locAttrData="name" name="value" query="" />
                          </DataQueries>
                          <ProgrammableDataQuery>
                            <ModuleName>
                            </ModuleName>
                            <TypeName>
                            </TypeName>
                          </ProgrammableDataQuery>
                        </Binding>
                      </Bindings>
                      <CategoryId>console</CategoryId>
                      <SettingsName _locID="settingsName.Console.WriteLine.UInt32">WriteLine (UInt32)</SettingsName>
                      <SettingsDescription _locID="settingsDescription.Console.WriteLine.UInt32">Console Output with an UInt32 passed in.</SettingsDescription>
                    </DiagnosticEventSpecification>
                    <DiagnosticEventSpecification enabled="false">
                      <Bindings>
                        <Binding onReturn="false">
                          <ModuleSpecificationId>mscorlib</ModuleSpecificationId>
                          <TypeName>System.Console</TypeName>
                          <MethodName>WriteLine</MethodName>
                          <MethodId>System.Console.WriteLine(System.UInt64):System.Void</MethodId>
                          <ShortDescription _locID="shortDescription.Console.WriteLine.UInt64">"{0}"</ShortDescription>
                          <LongDescription _locID="longDescription.Console.WriteLine.UInt64">Console Output "{0}".</LongDescription>
                          <DataQueries>
                            <DataQuery index="0" maxSize="0" type="UInt64" _locID="dataquery.WriteLine.UInt64" _locAttrData="name" name="value" query="" />
                          </DataQueries>
                          <ProgrammableDataQuery>
                            <ModuleName>
                            </ModuleName>
                            <TypeName>
                            </TypeName>
                          </ProgrammableDataQuery>
                        </Binding>
                      </Bindings>
                      <CategoryId>console</CategoryId>
                      <SettingsName _locID="settingsName.Console.WriteLine.UInt64">WriteLine (UInt64)</SettingsName>
                      <SettingsDescription _locID="settingsDescription.Console.WriteLine.UInt64">Console Output with an UInt64 passed in.</SettingsDescription>
                    </DiagnosticEventSpecification>
                    <DiagnosticEventSpecification enabled="false">
                      <Bindings>
                        <Binding onReturn="false">
                          <ModuleSpecificationId>mscorlib</ModuleSpecificationId>
                          <TypeName>System.Console</TypeName>
                          <MethodName>WriteLine</MethodName>
                          <MethodId>System.Console.WriteLine(System.String):System.Void</MethodId>
                          <ShortDescription _locID="shortDescription.Console.WriteLine.String">"{0}"</ShortDescription>
                          <LongDescription _locID="longDescription.Console.WriteLine">Console Output "{0}".</LongDescription>
                          <DataQueries>
                            <DataQuery index="0" maxSize="256" type="String" _locID="dataquery.WriteLine.value" _locAttrData="name" name="value" query="" />
                          </DataQueries>
                          <ProgrammableDataQuery>
                            <ModuleName>
                            </ModuleName>
                            <TypeName>
                            </TypeName>
                          </ProgrammableDataQuery>
                        </Binding>
                      </Bindings>
                      <CategoryId>console</CategoryId>
                      <SettingsName _locID="settingsName.Console.WriteLine">WriteLine (0 args)</SettingsName>
                      <SettingsDescription _locID="settingsDescription.Console.WriteLine">Console Output with a String passed in.</SettingsDescription>
                    </DiagnosticEventSpecification>
                    <DiagnosticEventSpecification enabled="false">
                      <Bindings>
                        <Binding onReturn="false">
                          <ModuleSpecificationId>mscorlib</ModuleSpecificationId>
                          <TypeName>System.Console</TypeName>
                          <MethodName>WriteLine</MethodName>
                          <MethodId>System.Console.WriteLine(System.String,System.Object):System.Void</MethodId>
                          <ShortDescription _locID="">
                          </ShortDescription>
                          <LongDescription _locID="">
                          </LongDescription>
                          <DataQueries />
                          <ProgrammableDataQuery>
                            <ModuleName>Microsoft.VisualStudio.DefaultDataQueries.dll</ModuleName>
                            <TypeName>Microsoft.VisualStudio.DataQueries.Console.Output.WriteLineDataQuery</TypeName>
                          </ProgrammableDataQuery>
                        </Binding>
                      </Bindings>
                      <CategoryId>console</CategoryId>
                      <SettingsName _locID="settingsName.Console.WriteLine1">WriteLine (1 args)</SettingsName>
                      <SettingsDescription _locID="settingsDescription.Console.WriteLine1">Console Output with a Format String passed in (1 argument).</SettingsDescription>
                    </DiagnosticEventSpecification>
                    <DiagnosticEventSpecification enabled="false">
                      <Bindings>
                        <Binding onReturn="false">
                          <ModuleSpecificationId>mscorlib</ModuleSpecificationId>
                          <TypeName>System.Console</TypeName>
                          <MethodName>WriteLine</MethodName>
                          <MethodId>System.Console.WriteLine(System.String,System.Object,System.Object):System.Void</MethodId>
                          <ShortDescription _locID="">
                          </ShortDescription>
                          <LongDescription _locID="">
                          </LongDescription>
                          <DataQueries />
                          <ProgrammableDataQuery>
                            <ModuleName>Microsoft.VisualStudio.DefaultDataQueries.dll</ModuleName>
                            <TypeName>Microsoft.VisualStudio.DataQueries.Console.Output.WriteLineDataQuery</TypeName>
                          </ProgrammableDataQuery>
                        </Binding>
                      </Bindings>
                      <CategoryId>console</CategoryId>
                      <SettingsName _locID="settingsName.Console.WriteLine2">WriteLine (2 args)</SettingsName>
                      <SettingsDescription _locID="settingsDescription.Console.WriteLine2">Console Output with a Format String passed in (2 arguments).</SettingsDescription>
                    </DiagnosticEventSpecification>
                    <DiagnosticEventSpecification enabled="false">
                      <Bindings>
                        <Binding onReturn="false">
                          <ModuleSpecificationId>mscorlib</ModuleSpecificationId>
                          <TypeName>System.Console</TypeName>
                          <MethodName>WriteLine</MethodName>
                          <MethodId>System.Console.WriteLine(System.String,System.Object,System.Object,System.Object):System.Void</MethodId>
                          <ShortDescription _locID="">
                          </ShortDescription>
                          <LongDescription _locID="">
                          </LongDescription>
                          <DataQueries />
                          <ProgrammableDataQuery>
                            <ModuleName>Microsoft.VisualStudio.DefaultDataQueries.dll</ModuleName>
                            <TypeName>Microsoft.VisualStudio.DataQueries.Console.Output.WriteLineDataQuery</TypeName>
                          </ProgrammableDataQuery>
                        </Binding>
                      </Bindings>
                      <CategoryId>console</CategoryId>
                      <SettingsName _locID="settingsName.Console.WriteLine3">WriteLine (3 args)</SettingsName>
                      <SettingsDescription _locID="settingsDescription.Console.WriteLine3">Console Output with a Format String passed in (3 arguments).</SettingsDescription>
                    </DiagnosticEventSpecification>
                    <DiagnosticEventSpecification enabled="false">
                      <Bindings>
                        <Binding onReturn="false">
                          <ModuleSpecificationId>mscorlib</ModuleSpecificationId>
                          <TypeName>System.Console</TypeName>
                          <MethodName>WriteLine</MethodName>
                          <MethodId>System.Console.WriteLine(System.String,System.Object,System.Object,System.Object,System.Object):System.Void</MethodId>
                          <ShortDescription _locID="">
                          </ShortDescription>
                          <LongDescription _locID="">
                          </LongDescription>
                          <DataQueries />
                          <ProgrammableDataQuery>
                            <ModuleName>Microsoft.VisualStudio.DefaultDataQueries.dll</ModuleName>
                            <TypeName>Microsoft.VisualStudio.DataQueries.Console.Output.WriteLineDataQuery</TypeName>
                          </ProgrammableDataQuery>
                        </Binding>
                      </Bindings>
                      <CategoryId>console</CategoryId>
                      <SettingsName _locID="settingsName.Console.WriteLine4">WriteLine (4 args)</SettingsName>
                      <SettingsDescription _locID="settingsDescription.Console.WriteLine4">Console Output with a Format String passed in (4 arguments).</SettingsDescription>
                    </DiagnosticEventSpecification>
                    <DiagnosticEventSpecification enabled="false">
                      <Bindings>
                        <Binding onReturn="false">
                          <ModuleSpecificationId>mscorlib</ModuleSpecificationId>
                          <TypeName>System.Console</TypeName>
                          <MethodName>WriteLine</MethodName>
                          <MethodId>System.Console.WriteLine(System.String,System.Object[]):System.Void</MethodId>
                          <ShortDescription _locID="">
                          </ShortDescription>
                          <LongDescription _locID="">
                          </LongDescription>
                          <DataQueries />
                          <ProgrammableDataQuery>
                            <ModuleName>Microsoft.VisualStudio.DefaultDataQueries.dll</ModuleName>
                            <TypeName>Microsoft.VisualStudio.DataQueries.Console.Output.WriteLineDataQuery</TypeName>
                          </ProgrammableDataQuery>
                        </Binding>
                      </Bindings>
                      <CategoryId>console</CategoryId>
                      <SettingsName _locID="settingsName.Console.WriteLineN">WriteLine (N args)</SettingsName>
                      <SettingsDescription _locID="settingsDescription.Console.WriteLineN">Console Output with a Format String passed in (argument array).</SettingsDescription>
                    </DiagnosticEventSpecification>
                    <DiagnosticEventSpecification enabled="false">
                      <Bindings>
                        <Binding onReturn="false">
                          <ModuleSpecificationId>winforms</ModuleSpecificationId>
                          <TypeName>System.Windows.Forms.Binding</TypeName>
                          <MethodName>OnBindingComplete</MethodName>
                          <MethodId>System.Windows.Forms.Binding.OnBindingComplete(System.Windows.Forms.BindingCompleteEventArgs):System.Void</MethodId>
                          <ShortDescription _locID="shortDescription.Binding.OnBindingComplete">Completed for property "{0}" (failed="{1}")</ShortDescription>
                          <LongDescription _locID="longDescription.Binding.OnBindingComplete">OnBindingComplete for property "{0}".  It is {1} that the call failed.  The error text was "{2}".</LongDescription>
                          <DataQueries>
                            <DataQuery index="0" maxSize="256" type="String" _locID="dataquery.Binding.OnBindingComplete.propertyName" _locAttrData="name" name="propertyName" query="propertyName" />
                            <DataQuery index="1" maxSize="0" type="Boolean" _locID="dataquery.Binding.OnBindingComplete.cancel" _locAttrData="name" name="cancel" query="cancel" />
                            <DataQuery index="1" maxSize="256" type="String" _locID="dataquery.Binding.OnBindingComplete.errorText" _locAttrData="name" name="errorText" query="errorText" />
                          </DataQueries>
                          <ProgrammableDataQuery>
                            <ModuleName>
                            </ModuleName>
                            <TypeName>
                            </TypeName>
                          </ProgrammableDataQuery>
                        </Binding>
                      </Bindings>
                      <CategoryId>data.binding</CategoryId>
                      <SettingsName _locID="settingsName.Binding.OnBindingComplete">Data Binding completed</SettingsName>
                      <SettingsDescription _locID="settingsDescription.Binding.OnBindingComplete">Binding to a property.</SettingsDescription>
                    </DiagnosticEventSpecification>
                    <DiagnosticEventSpecification enabled="false">
                      <Bindings>
                        <Binding onReturn="false">
                          <ModuleSpecificationId>mscorlib</ModuleSpecificationId>
                          <TypeName>System.Environment</TypeName>
                          <MethodName>GetEnvironmentVariable</MethodName>
                          <MethodId>System.Environment.GetEnvironmentVariable(System.String):System.String</MethodId>
                          <ShortDescription _locID="shortDescription.Environment.GetEnvironmentVariable">Retrieving "{0}"</ShortDescription>
                          <LongDescription _locID="longDescription.Environment.GetEnvironmentVariable">Retrieving the value of the environment variable "{0}".</LongDescription>
                          <DataQueries>
                            <DataQuery index="0" maxSize="256" type="String" _locID="dataquery.Environment.GetEnvironmentVariable.variable" _locAttrData="name" name="variable" query="" />
                          </DataQueries>
                          <ProgrammableDataQuery>
                            <ModuleName>
                            </ModuleName>
                            <TypeName>
                            </TypeName>
                          </ProgrammableDataQuery>
                        </Binding>
                      </Bindings>
                      <CategoryId>environment.variables</CategoryId>
                      <SettingsName _locID="settingsName.Environment.GetEnvironmentVariable">Retrieving environment variable</SettingsName>
                      <SettingsDescription _locID="settingsDescription.Environment.GetEnvironmentVariable">GetEnvironmentVariable was called.</SettingsDescription>
                    </DiagnosticEventSpecification>
                    <DiagnosticEventSpecification enabled="false">
                      <Bindings>
                        <Binding onReturn="true">
                          <ModuleSpecificationId>mscorlib</ModuleSpecificationId>
                          <TypeName>System.Environment</TypeName>
                          <MethodName>GetEnvironmentVariable</MethodName>
                          <MethodId>System.Environment.GetEnvironmentVariable(System.String):System.String</MethodId>
                          <ShortDescription _locID="">
                          </ShortDescription>
                          <LongDescription _locID="">
                          </LongDescription>
                          <DataQueries />
                          <ProgrammableDataQuery>
                            <ModuleName>Microsoft.VisualStudio.DefaultDataQueries.dll</ModuleName>
                            <TypeName>Microsoft.VisualStudio.DataQueries.EnvironmentVariables.GetEnvironmentVariableDataQuery</TypeName>
                          </ProgrammableDataQuery>
                        </Binding>
                      </Bindings>
                      <CategoryId>environment.variables</CategoryId>
                      <SettingsName _locID="settingsName.Environment.GetEnvironmentVariable.return">Evaluated environment variable</SettingsName>
                      <SettingsDescription _locID="settingsDescription.Environment.GetEnvironmentVariable.return">GetEnvironmentVariable returned.</SettingsDescription>
                    </DiagnosticEventSpecification>
                    <DiagnosticEventSpecification enabled="false">
                      <Bindings>
                        <Binding onReturn="false">
                          <ModuleSpecificationId>mscorlib4_plus</ModuleSpecificationId>
                          <TypeName>System.IO.FileStream</TypeName>
                          <MethodName>Init</MethodName>
                          <MethodId>System.IO.FileStream.Init(System.String,System.IO.FileMode,System.IO.FileAccess,System.Int32,System.Boolean,System.IO.FileShare,System.Int32,System.IO.FileOptions,Microsoft.Win32.Win32Native+SECURITY_ATTRIBUTES,System.String,System.Boolean,System.Boolean):System.Void</MethodId>
                          <ShortDescription _locID="shortDescription.FileStream.Init.1">Access [fp:'{0}']</ShortDescription>
[...]
    </UnitTestResult>
    <UnitTestResult executionId="5fbfae3f-96ef-4a00-9347-701abf9f2363" testId="8f6a1130-e8d0-af19-4434-e36da4c6f8a5" testName="GetAvailableByQuotaTest_OrderedList_AscendingInsert_TwoExcluded" computerName="RIDOHP" duration="00:00:00.8589852" startTime="2011-05-18T10:00:05.5868918+02:00" endTime="2011-05-18T10:00:06.4519413+02:00" testType="13cdc9d9-ddb5-4fa4-a97d-d965ccfc6d4b" outcome="Passed" testListId="8c84fa94-04c1-424b-9868-57a2d4851a1d" relativeResultsDirectory="5fbfae3f-96ef-4a00-9347-701abf9f2363">
    </UnitTestResult>
    <UnitTestResult executionId="623098cf-0e7e-4968-b0bc-0b5ce05e4181" testId="4a61217a-9105-a774-d624-d473643352b1" testName="MigrateiPlanetTest_OK" computerName="RIDOHP" duration="00:00:00.7585240" startTime="2011-05-18T10:00:06.4559415+02:00" endTime="2011-05-18T10:00:07.2199852+02:00" testType="13cdc9d9-ddb5-4fa4-a97d-d965ccfc6d4b" outcome="Passed" testListId="8c84fa94-04c1-424b-9868-57a2d4851a1d" relativeResultsDirectory="623098cf-0e7e-4968-b0bc-0b5ce05e4181">
    </UnitTestResult>
    <UnitTestResult executionId="7c7053b4-25ec-4ca4-ba92-3716370e689e" testId="9ca0b800-8b95-3dea-8edf-b43874b29614" testName="MigrateOneMailboxiPlanetTest_SetUpMailBoxFails" computerName="RIDOHP" duration="00:00:00.0016469" startTime="2011-05-18T10:00:07.2239855+02:00" endTime="2011-05-18T10:00:07.2299858+02:00" testType="13cdc9d9-ddb5-4fa4-a97d-d965ccfc6d4b" outcome="Passed" testListId="8c84fa94-04c1-424b-9868-57a2d4851a1d" relativeResultsDirectory="7c7053b4-25ec-4ca4-ba92-3716370e689e">
    </UnitTestResult>
    <UnitTestResult executionId="042adbc1-7e48-4580-96e7-de1bd1087dd0" testId="184fc0a8-86f2-099b-7045-620eedf62f7f" testName="MigrateOneMailBox_iPlanet_GetIPlanetPassword_Fails" computerName="RIDOHP" duration="00:00:00.0005215" startTime="2011-05-18T10:00:07.2339860+02:00" endTime="2011-05-18T10:00:07.2389863+02:00" testType="13cdc9d9-ddb5-4fa4-a97d-d965ccfc6d4b" outcome="Passed" testListId="8c84fa94-04c1-424b-9868-57a2d4851a1d" relativeResultsDirectory="042adbc1-7e48-4580-96e7-de1bd1087dd0">
    </UnitTestResult>
    <UnitTestResult executionId="74821d7b-5b9b-4410-89d7-21d2530e8210" testId="feabe6c5-3121-3258-18fd-f39a57c4953f" testName="MigrateOneMailBox_Exchange_Test_OK" computerName="RIDOHP" duration="00:00:02.3739559" startTime="2011-05-18T10:00:07.2419865+02:00" endTime="2011-05-18T10:00:09.6221226+02:00" testType="13cdc9d9-ddb5-4fa4-a97d-d965ccfc6d4b" outcome="Passed" testListId="8c84fa94-04c1-424b-9868-57a2d4851a1d" relativeResultsDirectory="74821d7b-5b9b-4410-89d7-21d2530e8210">
    </UnitTestResult>
    <UnitTestResult executionId="e9924ab5-5b60-404d-9180-dadaa1802a55" testId="b57ac677-9bcb-ddc6-fc4c-ea36799a06fc" testName="MyTestMethod" computerName="RIDOHP" duration="00:00:00.0016546" startTime="2011-05-18T10:00:09.6251228+02:00" endTime="2011-05-18T10:00:09.6341233+02:00" testType="13cdc9d9-ddb5-4fa4-a97d-d965ccfc6d4b" outcome="Passed" testListId="8c84fa94-04c1-424b-9868-57a2d4851a1d" relativeResultsDirectory="e9924ab5-5b60-404d-9180-dadaa1802a55">
    </UnitTestResult>
    <UnitTestResult executionId="cac6b54c-feb5-4851-b8d7-49348b883d62" testId="2fd9f004-2818-edf1-4c60-592eab26a9aa" testName="ReadConfigItemTest" computerName="RIDOHP" duration="00:00:00.0020863" startTime="2011-05-18T10:00:09.6371235+02:00" endTime="2011-05-18T10:00:09.6451239+02:00" testType="13cdc9d9-ddb5-4fa4-a97d-d965ccfc6d4b" outcome="Passed" testListId="8c84fa94-04c1-424b-9868-57a2d4851a1d" relativeResultsDirectory="cac6b54c-feb5-4851-b8d7-49348b883d62">
    </UnitTestResult>
    <UnitTestResult executionId="46aff328-b87f-4eb4-9ca4-07b8655ccfcc" testId="9d18795e-3721-e2a1-9bec-03346dae83ca" testName="ReadConfigFailsIfSectionNotFound" computerName="RIDOHP" duration="00:00:00.0721603" startTime="2011-05-18T10:00:09.6481241+02:00" endTime="2011-05-18T10:00:09.7261286+02:00" testType="13cdc9d9-ddb5-4fa4-a97d-d965ccfc6d4b" outcome="Passed" testListId="8c84fa94-04c1-424b-9868-57a2d4851a1d" relativeResultsDirectory="46aff328-b87f-4eb4-9ca4-07b8655ccfcc">
    </UnitTestResult>
    <UnitTestResult executionId="33bea6e0-40b1-4f2e-85d5-c79df05f637a" testId="c603c749-40a1-71c0-007b-1e5ec5634384" testName="ReadConfigFailsIfItemNotFound" computerName="RIDOHP" duration="00:00:00.0011381" startTime="2011-05-18T10:00:09.7291287+02:00" endTime="2011-05-18T10:00:09.7361291+02:00" testType="13cdc9d9-ddb5-4fa4-a97d-d965ccfc6d4b" outcome="Passed" testListId="8c84fa94-04c1-424b-9868-57a2d4851a1d" relativeResultsDirectory="33bea6e0-40b1-4f2e-85d5-c79df05f637a">
    </UnitTestResult>
    <UnitTestResult executionId="6bf23527-57e7-4383-a80f-984d4a0f8747" testId="4c612f81-b34b-2723-4932-2f7b5e6d6e6f" testName="ReadConfigItemTest_EmptyValue_Allowed" computerName="RIDOHP" duration="00:00:00.0043164" startTime="2011-05-18T10:00:09.7401294+02:00" endTime="2011-05-18T10:00:09.7491299+02:00" testType="13cdc9d9-ddb5-4fa4-a97d-d965ccfc6d4b" outcome="Passed" testListId="8c84fa94-04c1-424b-9868-57a2d4851a1d" relativeResultsDirectory="6bf23527-57e7-4383-a80f-984d4a0f8747">
    </UnitTestResult>
    <UnitTestResult executionId="0d9fee44-cdf6-4ca9-8fa9-483474b42a91" testId="ad298bae-468d-480e-67f2-ed0043eb5dd2" testName="ReadConfigItemTest_EmptyValue_NotAllowed_Default" computerName="RIDOHP" duration="00:00:00.0010996" startTime="2011-05-18T10:00:09.7541302+02:00" endTime="2011-05-18T10:00:09.7641308+02:00" testType="13cdc9d9-ddb5-4fa4-a97d-d965ccfc6d4b" outcome="Passed" testListId="8c84fa94-04c1-424b-9868-57a2d4851a1d" relativeResultsDirectory="0d9fee44-cdf6-4ca9-8fa9-483474b42a91">
    </UnitTestResult>
    <UnitTestResult executionId="0f283226-e492-41d6-a1e1-ef5cb813ae32" testId="b563ae78-4ff8-b66b-6e8f-07e5305d34aa" testName="ReadConfigItemTest_EmptyValue_NotAllowed_Explicit" computerName="RIDOHP" duration="00:00:00.0010842" startTime="2011-05-18T10:00:09.7671309+02:00" endTime="2011-05-18T10:00:09.7741313+02:00" testType="13cdc9d9-ddb5-4fa4-a97d-d965ccfc6d4b" outcome="Passed" testListId="8c84fa94-04c1-424b-9868-57a2d4851a1d" relativeResultsDirectory="0f283226-e492-41d6-a1e1-ef5cb813ae32">
    </UnitTestResult>
    <UnitTestResult executionId="dd6b45b0-ef15-4d4e-81bf-5a318f180d76" testId="76e8d130-6a2e-30fe-1aba-bffedf8162dd" testName="ConstructorTest_OK" computerName="RIDOHP" duration="00:00:00.0014794" startTime="2011-05-18T10:00:09.7761314+02:00" endTime="2011-05-18T10:00:09.7841319+02:00" testType="13cdc9d9-ddb5-4fa4-a97d-d965ccfc6d4b" outcome="Passed" testListId="8c84fa94-04c1-424b-9868-57a2d4851a1d" relativeResultsDirectory="dd6b45b0-ef15-4d4e-81bf-5a318f180d76">
    </UnitTestResult>
    <UnitTestResult executionId="1a10c7d0-45ef-4dd2-a004-cddb7aefa03d" testId="d261a428-106e-9b57-f20d-6274c2216d16" testName="FilledPercentage_OK" computerName="RIDOHP" duration="00:00:00.0008789" startTime="2011-05-18T10:00:09.7871321+02:00" endTime="2011-05-18T10:00:09.7941325+02:00" testType="13cdc9d9-ddb5-4fa4-a97d-d965ccfc6d4b" outcome="Passed" testListId="8c84fa94-04c1-424b-9868-57a2d4851a1d" relativeResultsDirectory="1a10c7d0-45ef-4dd2-a004-cddb7aefa03d">
    </UnitTestResult>
    <UnitTestResult executionId="c8526ae3-2bc7-422e-864e-d873942e293e" testId="9842e868-c36a-bb51-b39f-f983e6049e8a" testName="FilledPercentage_NullValues" computerName="RIDOHP" duration="00:00:00.0008423" startTime="2011-05-18T10:00:09.7981327+02:00" endTime="2011-05-18T10:00:09.8061332+02:00" testType="13cdc9d9-ddb5-4fa4-a97d-d965ccfc6d4b" outcome="Passed" testListId="8c84fa94-04c1-424b-9868-57a2d4851a1d" relativeResultsDirectory="c8526ae3-2bc7-422e-864e-d873942e293e">
    </UnitTestResult>
    <UnitTestResult executionId="21e2f19e-d997-42d7-9d88-d48c4f1bf3fe" testId="9f37aa22-62fa-8d8e-f309-20a7037d91d2" testName="FilledPercentage_NullMailboxSpace" computerName="RIDOHP" duration="00:00:00.0008006" startTime="2011-05-18T10:00:09.8091333+02:00" endTime="2011-05-18T10:00:09.8171338+02:00" testType="13cdc9d9-ddb5-4fa4-a97d-d965ccfc6d4b" outcome="Passed" testListId="8c84fa94-04c1-424b-9868-57a2d4851a1d" relativeResultsDirectory="21e2f19e-d997-42d7-9d88-d48c4f1bf3fe">
    </UnitTestResult>
    <UnitTestResult executionId="fe80d255-c21c-4beb-afe7-65f06cedb944" testId="253b2d10-05ea-60a6-1962-e07ba48b996d" testName="FilledPercentage_NullDatabaseSize" computerName="RIDOHP" duration="00:00:00.0007923" startTime="2011-05-18T10:00:09.8201340+02:00" endTime="2011-05-18T10:00:09.8271344+02:00" testType="13cdc9d9-ddb5-4fa4-a97d-d965ccfc6d4b" outcome="Passed" testListId="8c84fa94-04c1-424b-9868-57a2d4851a1d" relativeResultsDirectory="fe80d255-c21c-4beb-afe7-65f06cedb944">
    </UnitTestResult>
    <UnitTestResult executionId="17234b00-3f59-4301-a017-612a92d37959" testId="82cf5de8-6997-7921-d131-ce440084b5c8" testName="NoPendingMigrationsDoNothing" computerName="RIDOHP" duration="00:00:00.0683539" startTime="2011-05-18T10:00:09.8311346+02:00" endTime="2011-05-18T10:00:09.9061389+02:00" testType="13cdc9d9-ddb5-4fa4-a97d-d965ccfc6d4b" outcome="Passed" testListId="8c84fa94-04c1-424b-9868-57a2d4851a1d" relativeResultsDirectory="17234b00-3f59-4301-a017-612a92d37959">
    </UnitTestResult>
    <UnitTestResult executionId="c1098623-3566-42b2-9bc8-86b5bd82b177" testId="d1038975-8f71-4e7e-5556-e24e9629ebe2" testName="OneMigrationQueuedDoNotSaveLog" computerName="RIDOHP" duration="00:00:00.2419269" startTime="2011-05-18T10:00:09.9091390+02:00" endTime="2011-05-18T10:00:10.1561532+02:00" testType="13cdc9d9-ddb5-4fa4-a97d-d965ccfc6d4b" outcome="Passed" testListId="8c84fa94-04c1-424b-9868-57a2d4851a1d" relativeResultsDirectory="c1098623-3566-42b2-9bc8-86b5bd82b177">
    </UnitTestResult>
    <UnitTestResult executionId="668df8b3-c3fe-4a9b-b893-5fe33c4c3a45" testId="22d1e533-5d5a-4c39-acb9-b1937486ad62" testName="EmailsFromMultilineTest_Null" computerName="RIDOHP" duration="00:00:00.0649145" startTime="2011-05-18T10:00:10.1601534+02:00" endTime="2011-05-18T10:00:10.6201797+02:00" testType="13cdc9d9-ddb5-4fa4-a97d-d965ccfc6d4b" outcome="Passed" testListId="8c84fa94-04c1-424b-9868-57a2d4851a1d" relativeResultsDirectory="668df8b3-c3fe-4a9b-b893-5fe33c4c3a45">
    </UnitTestResult>
    <UnitTestResult executionId="e08d4324-47d4-4259-8f2b-98b1bf6b69ab" testId="b5cf84ae-e0ac-a42d-2e3f-90306dc7ac25" testName="EmailsFromMultilineTest_Empty" computerName="RIDOHP" duration="00:00:00.0019773" startTime="2011-05-18T10:00:10.6241799+02:00" endTime="2011-05-18T10:00:10.6331805+02:00" testType="13cdc9d9-ddb5-4fa4-a97d-d965ccfc6d4b" outcome="Passed" testListId="8c84fa94-04c1-424b-9868-57a2d4851a1d" relativeResultsDirectory="e08d4324-47d4-4259-8f2b-98b1bf6b69ab">
    </UnitTestResult>
    <UnitTestResult executionId="74e2880d-15c8-4085-8714-525a57839be2" testId="ff645179-7cfe-1b14-35ac-4291ed130e8e" testName="EmailsFromMultilineTest_OneMail" computerName="RIDOHP" duration="00:00:00.0005992" startTime="2011-05-18T10:00:10.6361806+02:00" endTime="2011-05-18T10:00:10.6431810+02:00" testType="13cdc9d9-ddb5-4fa4-a97d-d965ccfc6d4b" outcome="Passed" testListId="8c84fa94-04c1-424b-9868-57a2d4851a1d" relativeResultsDirectory="74e2880d-15c8-4085-8714-525a57839be2">
    </UnitTestResult>
    <UnitTestResult executionId="a92ec63a-8dc4-4925-84c4-f63689136f3e" testId="4ddf6f91-a388-6292-2dbc-a1386a6c07bb" testName="EmailsFromMultilineTest_MultiLine" computerName="RIDOHP" duration="00:00:00.0017508" startTime="2011-05-18T10:00:10.6471813+02:00" endTime="2011-05-18T10:00:10.6561818+02:00" testType="13cdc9d9-ddb5-4fa4-a97d-d965ccfc6d4b" outcome="Passed" testListId="8c84fa94-04c1-424b-9868-57a2d4851a1d" relativeResultsDirectory="a92ec63a-8dc4-4925-84c4-f63689136f3e">
    </UnitTestResult>
    <UnitTestResult executionId="ce158631-765c-47b3-a9be-7b5d24cf6aa3" testId="3dd9259b-9293-7a2b-a82d-a91c67c1923b" testName="EmailsFromMultilineTest_MultiLine_WithoutTerminator" computerName="RIDOHP" duration="00:00:00.0009918" startTime="2011-05-18T10:00:10.6591819+02:00" endTime="2011-05-18T10:00:10.6661823+02:00" testType="13cdc9d9-ddb5-4fa4-a97d-d965ccfc6d4b" outcome="Passed" testListId="8c84fa94-04c1-424b-9868-57a2d4851a1d" relativeResultsDirectory="ce158631-765c-47b3-a9be-7b5d24cf6aa3">
    </UnitTestResult>
    <UnitTestResult executionId="8b952740-9227-433f-b54f-443166b84217" testId="b9123d0f-94ab-8170-73c9-c0e9b4d924ff" testName="EmailsFromMultilineTest_MultiLine_WithEmptyLines" computerName="RIDOHP" duration="00:00:00.0022576" startTime="2011-05-18T10:00:10.6741828+02:00" endTime="2011-05-18T10:00:10.6861835+02:00" testType="13cdc9d9-ddb5-4fa4-a97d-d965ccfc6d4b" outcome="Passed" testListId="8c84fa94-04c1-424b-9868-57a2d4851a1d" relativeResultsDirectory="8b952740-9227-433f-b54f-443166b84217">
    </UnitTestResult>
    <UnitTestResult executionId="e88bbbf0-5b59-47c9-9733-c5c651c0d961" testId="a8be92df-2e38-b15e-fe69-933d49ec302c" testName="MapFromEntityToProviderViewData_FromMigration_Cancelled" computerName="RIDOHP" duration="00:00:00.0222309" startTime="2011-05-18T10:00:10.6901837+02:00" endTime="2011-05-18T10:00:10.7181853+02:00" testType="13cdc9d9-ddb5-4fa4-a97d-d965ccfc6d4b" outcome="Passed" testListId="8c84fa94-04c1-424b-9868-57a2d4851a1d" relativeResultsDirectory="e88bbbf0-5b59-47c9-9733-c5c651c0d961">
    </UnitTestResult>
    <UnitTestResult executionId="591e46df-1ead-464c-b213-2601fe1dcdf5" testId="1fa298f4-ab5a-0c95-62fe-5b2617e7996d" testName="MapFromEntityToProviderViewData_FromMigration_Finished" computerName="RIDOHP" duration="00:00:00.0010021" startTime="2011-05-18T10:00:10.7211855+02:00" endTime="2011-05-18T10:00:10.7661881+02:00" testType="13cdc9d9-ddb5-4fa4-a97d-d965ccfc6d4b" outcome="Passed" testListId="8c84fa94-04c1-424b-9868-57a2d4851a1d" relativeResultsDirectory="591e46df-1ead-464c-b213-2601fe1dcdf5">
    </UnitTestResult>
    <UnitTestResult executionId="4bcc1ec5-ac1f-4a60-bcbc-a55c0cc808ae" testId="e4a31875-84aa-3466-d076-8d61f06e87ab" testName="MapFromEntityToProviderViewData_FromUnManaged" computerName="RIDOHP" duration="00:00:00.0020093" startTime="2011-05-18T10:00:10.7691882+02:00" endTime="2011-05-18T10:00:10.7791888+02:00" testType="13cdc9d9-ddb5-4fa4-a97d-d965ccfc6d4b" outcome="Passed" testListId="8c84fa94-04c1-424b-9868-57a2d4851a1d" relativeResultsDirectory="4bcc1ec5-ac1f-4a60-bcbc-a55c0cc808ae">
    </UnitTestResult>
    <UnitTestResult executionId="a6d73e5e-3177-4312-929d-215bd55106b3" testId="847a0ff3-8ebb-3218-03be-58a698ab8030" testName="MapFromEntityToProviderViewData_FromUnManaged_Null" computerName="RIDOHP" duration="00:00:00.0007737" startTime="2011-05-18T10:00:10.7831890+02:00" endTime="2011-05-18T10:00:10.7911895+02:00" testType="13cdc9d9-ddb5-4fa4-a97d-d965ccfc6d4b" outcome="Passed" testListId="8c84fa94-04c1-424b-9868-57a2d4851a1d" relativeResultsDirectory="a6d73e5e-3177-4312-929d-215bd55106b3">
    </UnitTestResult>
    <UnitTestResult executionId="4df84700-787c-4f4f-b0e4-acae59cf6866" testId="12d6119d-3b69-01f5-78b0-2b76a36022ae" testName="MapFromEntityToProviderViewData_FromMigration_Null" computerName="RIDOHP" duration="00:00:00.0004118" startTime="2011-05-18T10:00:10.7951897+02:00" endTime="2011-05-18T10:00:10.8031902+02:00" testType="13cdc9d9-ddb5-4fa4-a97d-d965ccfc6d4b" outcome="Passed" testListId="8c84fa94-04c1-424b-9868-57a2d4851a1d" relativeResultsDirectory="4df84700-787c-4f4f-b0e4-acae59cf6866">
    </UnitTestResult>
    <UnitTestResult executionId="929765b2-0674-4c80-b8f3-4b654e570697" testId="e4aa7fa9-2a6b-8497-dc2f-d01ab35a9826" testName="MapFromEntityToProviderViewDataList_Ok" computerName="RIDOHP" duration="00:00:00.0226005" startTime="2011-05-18T10:00:10.8061904+02:00" endTime="2011-05-18T10:00:10.8351920+02:00" testType="13cdc9d9-ddb5-4fa4-a97d-d965ccfc6d4b" outcome="Passed" testListId="8c84fa94-04c1-424b-9868-57a2d4851a1d" relativeResultsDirectory="929765b2-0674-4c80-b8f3-4b654e570697">
    </UnitTestResult>
    <UnitTestResult executionId="17b523cc-c37d-4c9b-a2b0-a9872aa91c9c" testId="85a2c62d-6ab7-587c-4c86-e1f31fcfc36d" testName="MapFromStatusToProviderTextTest_FromNotScheduled_Int" computerName="RIDOHP" duration="00:00:00.0011747" startTime="2011-05-18T10:00:10.8381922+02:00" endTime="2011-05-18T10:00:10.8471927+02:00" testType="13cdc9d9-ddb5-4fa4-a97d-d965ccfc6d4b" outcome="Passed" testListId="8c84fa94-04c1-424b-9868-57a2d4851a1d" relativeResultsDirectory="17b523cc-c37d-4c9b-a2b0-a9872aa91c9c">
    </UnitTestResult>
    <UnitTestResult executionId="7c5710b6-f25a-4daf-a4f1-9e038a48d418" testId="762389d1-56b9-a889-1197-25f7978531e6" testName="MapFromStatusToProviderTextTest_FromNotScheduled_Enum" computerName="RIDOHP" duration="00:00:00.0004157" startTime="2011-05-18T10:00:10.8501929+02:00" endTime="2011-05-18T10:00:10.8571933+02:00" testType="13cdc9d9-ddb5-4fa4-a97d-d965ccfc6d4b" outcome="Passed" testListId="8c84fa94-04c1-424b-9868-57a2d4851a1d" relativeResultsDirectory="7c5710b6-f25a-4daf-a4f1-9e038a48d418">
    </UnitTestResult>
    <UnitTestResult executionId="a1f172a4-be10-4fa6-a65c-a5fc4a4d8a03" testId="82129a8c-775a-9607-b929-e3145d9a1aed" testName="MapFromStatusToProviderTextTest_FromScheduled_Enum" computerName="RIDOHP" duration="00:00:00.0003958" startTime="2011-05-18T10:00:10.8621936+02:00" endTime="2011-05-18T10:00:10.8701940+02:00" testType="13cdc9d9-ddb5-4fa4-a97d-d965ccfc6d4b" outcome="Passed" testListId="8c84fa94-04c1-424b-9868-57a2d4851a1d" relativeResultsDirectory="a1f172a4-be10-4fa6-a65c-a5fc4a4d8a03">
    </UnitTestResult>
    <UnitTestResult executionId="6bd13bef-eb77-4d97-aac3-b96b485fcd1b" testId="22f1b46b-f665-2e8d-72d5-316ecf2d5ea7" testName="MapFromStatusToProviderTextTest_FromCancelled_Enum" computerName="RIDOHP" duration="00:00:00.0004260" startTime="2011-05-18T10:00:10.8731942+02:00" endTime="2011-05-18T10:00:10.8801946+02:00" testType="13cdc9d9-ddb5-4fa4-a97d-d965ccfc6d4b" outcome="Passed" testListId="8c84fa94-04c1-424b-9868-57a2d4851a1d" relativeResultsDirectory="6bd13bef-eb77-4d97-aac3-b96b485fcd1b">
    </UnitTestResult>
    <UnitTestResult executionId="6efa1844-b90f-4a66-9994-5635dc8ce681" testId="5c7d7bd4-747e-9247-80a3-b78db56346b4" testName="MapFromStatusToProviderTextTest_FromQueued_Enum" computerName="RIDOHP" duration="00:00:00.0010098" startTime="2011-05-18T10:00:10.8831948+02:00" endTime="2011-05-18T10:00:10.8921953+02:00" testType="13cdc9d9-ddb5-4fa4-a97d-d965ccfc6d4b" outcome="Passed" testListId="8c84fa94-04c1-424b-9868-57a2d4851a1d" relativeResultsDirectory="6efa1844-b90f-4a66-9994-5635dc8ce681">
    </UnitTestResult>
    <UnitTestResult executionId="270d1836-0087-4ac5-b4a8-773312dc61f0" testId="3392495d-d738-ede7-f43d-e156ceed86af" testName="MapFromStatusToProviderTextTest_FromInProgress_Enum" computerName="RIDOHP" duration="00:00:00.0004298" startTime="2011-05-18T10:00:10.8961955+02:00" endTime="2011-05-18T10:00:10.9051960+02:00" testType="13cdc9d9-ddb5-4fa4-a97d-d965ccfc6d4b" outcome="Passed" testListId="8c84fa94-04c1-424b-9868-57a2d4851a1d" relativeResultsDirectory="270d1836-0087-4ac5-b4a8-773312dc61f0">
    </UnitTestResult>
    <UnitTestResult executionId="df295cbc-616d-45c4-97ff-a6a65a3b48bc" testId="a34020fe-7716-f56f-8e60-8386d2c8fa7f" testName="MapFromStatusToProviderTextTest_FromError_Enum" computerName="RIDOHP" duration="00:00:00.0004991" startTime="2011-05-18T10:00:10.9081962+02:00" endTime="2011-05-18T10:00:10.9171967+02:00" testType="13cdc9d9-ddb5-4fa4-a97d-d965ccfc6d4b" outcome="Passed" testListId="8c84fa94-04c1-424b-9868-57a2d4851a1d" relativeResultsDirectory="df295cbc-616d-45c4-97ff-a6a65a3b48bc">
    </UnitTestResult>
    <UnitTestResult executionId="1727265c-e7f4-4661-8d62-66e9e839250d" testId="a83057e4-3b71-7d23-297d-125fb73b10f3" testName="MapFromStatusToProviderTextTest_FromFinished_Enum" computerName="RIDOHP" duration="00:00:00.0003875" startTime="2011-05-18T10:00:10.9201969+02:00" endTime="2011-05-18T10:00:10.9381979+02:00" testType="13cdc9d9-ddb5-4fa4-a97d-d965ccfc6d4b" outcome="Passed" testListId="8c84fa94-04c1-424b-9868-57a2d4851a1d" relativeResultsDirectory="1727265c-e7f4-4661-8d62-66e9e839250d">
    </UnitTestResult>
  </Results>
</TestRun>